#-----------------------------------------------------------
# Vivado v2023.2 (64-bit)
# SW Build 4029153 on Fri Oct 13 20:14:34 MDT 2023
# IP Build 4028589 on Sat Oct 14 00:45:43 MDT 2023
# SharedData Build 4025554 on Tue Oct 10 17:18:54 MDT 2023
# Start of session at: Fri Apr 18 16:07:02 2025
# Process ID: 17988
# Current directory: D:/fpga/digital_twin/platform/digital_twin
# Command line: vivado.exe -gui_launcher_event rodinguilauncherevent17900 D:\fpga\digital_twin\platform\digital_twin\digital_twin.xpr
# Log file: D:/fpga/digital_twin/platform/digital_twin/vivado.log
# Journal file: D:/fpga/digital_twin/platform/digital_twin\vivado.jou
# Running On: LAPTOP-TNKPRGBT, OS: Windows, CPU Frequency: 3110 MHz, CPU Physical cores: 4, Host memory: 16952 MB
#-----------------------------------------------------------
start_gui
open_project D:/fpga/digital_twin/platform/digital_twin/digital_twin.xpr
WARNING: [Board 49-26] cannot add Board Part xilinx.com:vek280_es:part0:1.0 available at D:/Vivado/2023.2/data/xhub/boards/XilinxBoardStore/boards/Xilinx/vek280/es/rev_a/1.0/board.xml as part xcve2802-vsvh1760-2lp-e-s-es1 specified in board_part file is either invalid or not available
WARNING: [Board 49-26] cannot add Board Part xilinx.com:vek280_es:part0:1.1 available at D:/Vivado/2023.2/data/xhub/boards/XilinxBoardStore/boards/Xilinx/vek280/es/rev_a/1.1/board.xml as part xcve2802-vsvh1760-2lp-e-s-es1 specified in board_part file is either invalid or not available
WARNING: [Board 49-26] cannot add Board Part xilinx.com:vek280_es_revb:part0:1.0 available at D:/Vivado/2023.2/data/xhub/boards/XilinxBoardStore/boards/Xilinx/vek280/es/rev_b/1.0/board.xml as part xcve2802-vsvh1760-2mp-e-s-es1 specified in board_part file is either invalid or not available
WARNING: [Board 49-26] cannot add Board Part xilinx.com:vek280_es_revb:part0:1.1 available at D:/Vivado/2023.2/data/xhub/boards/XilinxBoardStore/boards/Xilinx/vek280/es/rev_b/1.1/board.xml as part xcve2802-vsvh1760-2mp-e-s-es1 specified in board_part file is either invalid or not available
WARNING: [Board 49-26] cannot add Board Part xilinx.com:vhk158_es:part0:1.0 available at D:/Vivado/2023.2/data/xhub/boards/XilinxBoardStore/boards/Xilinx/vhk158/es/1.0/board.xml as part xcvh1582-vsva3697-2mp-e-s-es1 specified in board_part file is either invalid or not available
WARNING: [Board 49-26] cannot add Board Part xilinx.com:vhk158_es:part0:1.1 available at D:/Vivado/2023.2/data/xhub/boards/XilinxBoardStore/boards/Xilinx/vhk158/es/1.1/board.xml as part xcvh1582-vsva3697-2mp-e-s-es1 specified in board_part file is either invalid or not available
WARNING: [Board 49-26] cannot add Board Part xilinx.com:zcu208ld:part0:2.0 available at D:/Vivado/2023.2/data/xhub/boards/XilinxBoardStore/boards/Xilinx/zcu208ld/production/2.0/board.xml as part xczu58dr-fsvg1517-2-i specified in board_part file is either invalid or not available
WARNING: [Board 49-26] cannot add Board Part xilinx.com:zcu216ld:part0:2.0 available at D:/Vivado/2023.2/data/xhub/boards/XilinxBoardStore/boards/Xilinx/zcu216ld/production/2.0/board.xml as part xczu59dr-ffvf1760-2-i specified in board_part file is either invalid or not available
WARNING: [Board 49-26] cannot add Board Part xilinx.com:zcu670:part0:2.0 available at D:/Vivado/2023.2/data/xhub/boards/XilinxBoardStore/boards/Xilinx/zcu670/2.0/board.xml as part xczu67dr-fsve1156-2-i specified in board_part file is either invalid or not available
WARNING: [Board 49-26] cannot add Board Part xilinx.com:zcu670ld:part0:1.0 available at D:/Vivado/2023.2/data/xhub/boards/XilinxBoardStore/boards/Xilinx/zcu670ld/1.0/board.xml as part xczu57dr-fsve1156-2-i specified in board_part file is either invalid or not available
Scanning sources...
Finished scanning sources
INFO: [IP_Flow 19-234] Refreshing IP repositories
INFO: [IP_Flow 19-1704] No user IP repositories specified
INFO: [IP_Flow 19-2313] Loaded Vivado IP repository 'D:/Vivado/2023.2/data/ip'.
open_project: Time (s): cpu = 00:00:47 ; elapsed = 00:00:19 . Memory (MB): peak = 1570.332 ; gain = 422.453
update_compile_order -fileset sources_1
WARNING: [filemgmt 56-199] Attempt to get parsing info during refresh. "On-the-fly" syntax checking information may be incorrect. [D:\fpga\digital_twin\platform\digital_twin\digital_twin.srcs\sources_1\new\top.sv:]
WARNING: [filemgmt 56-199] Attempt to get parsing info during refresh. "On-the-fly" syntax checking information may be incorrect. [D:\fpga\digital_twin\platform\digital_twin\digital_twin.srcs\sources_1\new\uart.sv:]
WARNING: [filemgmt 56-199] Attempt to get parsing info during refresh. "On-the-fly" syntax checking information may be incorrect. [D:\fpga\digital_twin\platform\digital_twin\digital_twin.srcs\sim_1\new\tb_top.sv:]
WARNING: [filemgmt 56-199] Attempt to get parsing info during refresh. "On-the-fly" syntax checking information may be incorrect. [D:\fpga\digital_twin\platform\digital_twin\digital_twin.srcs\sources_1\new\top.sv:]
WARNING: [filemgmt 56-199] Attempt to get parsing info during refresh. "On-the-fly" syntax checking information may be incorrect. [D:\fpga\digital_twin\platform\digital_twin\digital_twin.srcs\sources_1\new\uart.sv:]
WARNING: [filemgmt 56-199] Attempt to get parsing info during refresh. "On-the-fly" syntax checking information may be incorrect. [D:\fpga\digital_twin\platform\digital_twin\digital_twin.srcs\sim_1\new\tb_top.sv:]
WARNING: [filemgmt 56-199] Attempt to get parsing info during refresh. "On-the-fly" syntax checking information may be incorrect. [D:\fpga\digital_twin\platform\digital_twin\digital_twin.srcs\sources_1\new\top.sv:]
WARNING: [filemgmt 56-199] Attempt to get parsing info during refresh. "On-the-fly" syntax checking information may be incorrect. [D:\fpga\digital_twin\platform\digital_twin\digital_twin.srcs\sources_1\new\uart.sv:]
WARNING: [filemgmt 56-199] Attempt to get parsing info during refresh. "On-the-fly" syntax checking information may be incorrect. [D:\fpga\digital_twin\platform\digital_twin\digital_twin.srcs\sim_1\new\tb_top.sv:]
WARNING: [filemgmt 56-199] Attempt to get parsing info during refresh. "On-the-fly" syntax checking information may be incorrect. [D:\fpga\digital_twin\platform\digital_twin\digital_twin.srcs\sources_1\new\top.sv:]
WARNING: [filemgmt 56-199] Attempt to get parsing info during refresh. "On-the-fly" syntax checking information may be incorrect. [D:\fpga\digital_twin\platform\digital_twin\digital_twin.srcs\sources_1\new\uart.sv:]
WARNING: [filemgmt 56-199] Attempt to get parsing info during refresh. "On-the-fly" syntax checking information may be incorrect. [D:\fpga\digital_twin\platform\digital_twin\digital_twin.srcs\sim_1\new\tb_top.sv:]
WARNING: [filemgmt 56-199] Attempt to get parsing info during refresh. "On-the-fly" syntax checking information may be incorrect. [D:\fpga\digital_twin\platform\digital_twin\digital_twin.srcs\sources_1\new\top.sv:]
WARNING: [filemgmt 56-199] Attempt to get parsing info during refresh. "On-the-fly" syntax checking information may be incorrect. [D:\fpga\digital_twin\platform\digital_twin\digital_twin.srcs\sources_1\new\uart.sv:]
WARNING: [filemgmt 56-199] Attempt to get parsing info during refresh. "On-the-fly" syntax checking information may be incorrect. [D:\fpga\digital_twin\platform\digital_twin\digital_twin.srcs\sim_1\new\tb_top.sv:]
WARNING: [filemgmt 56-199] Attempt to get parsing info during refresh. "On-the-fly" syntax checking information may be incorrect. [D:\fpga\digital_twin\platform\digital_twin\digital_twin.srcs\sources_1\new\top.sv:]
WARNING: [filemgmt 56-199] Attempt to get parsing info during refresh. "On-the-fly" syntax checking information may be incorrect. [D:\fpga\digital_twin\platform\digital_twin\digital_twin.srcs\sources_1\new\uart.sv:]
WARNING: [filemgmt 56-199] Attempt to get parsing info during refresh. "On-the-fly" syntax checking information may be incorrect. [D:\fpga\digital_twin\platform\digital_twin\digital_twin.srcs\sim_1\new\tb_top.sv:]
WARNING: [filemgmt 56-199] Attempt to get parsing info during refresh. "On-the-fly" syntax checking information may be incorrect. [D:\fpga\digital_twin\platform\digital_twin\digital_twin.srcs\sources_1\new\top.sv:]
WARNING: [filemgmt 56-199] Attempt to get parsing info during refresh. "On-the-fly" syntax checking information may be incorrect. [D:\fpga\digital_twin\platform\digital_twin\digital_twin.srcs\sources_1\new\twin_controller.sv:]
WARNING: [filemgmt 56-199] Attempt to get parsing info during refresh. "On-the-fly" syntax checking information may be incorrect. [D:\fpga\digital_twin\platform\digital_twin\digital_twin.srcs\sources_1\new\uart.sv:]
WARNING: [filemgmt 56-199] Attempt to get parsing info during refresh. "On-the-fly" syntax checking information may be incorrect. [D:\fpga\digital_twin\platform\digital_twin\digital_twin.srcs\sim_1\new\tb_top.sv:]
WARNING: [filemgmt 56-199] Attempt to get parsing info during refresh. "On-the-fly" syntax checking information may be incorrect. [D:\fpga\digital_twin\platform\digital_twin\digital_twin.srcs\sources_1\new\top.sv:]
WARNING: [filemgmt 56-199] Attempt to get parsing info during refresh. "On-the-fly" syntax checking information may be incorrect. [D:\fpga\digital_twin\platform\digital_twin\digital_twin.srcs\sources_1\new\twin_controller.sv:]
WARNING: [filemgmt 56-199] Attempt to get parsing info during refresh. "On-the-fly" syntax checking information may be incorrect. [D:\fpga\digital_twin\platform\digital_twin\digital_twin.srcs\sources_1\new\uart.sv:]
WARNING: [filemgmt 56-199] Attempt to get parsing info during refresh. "On-the-fly" syntax checking information may be incorrect. [D:\fpga\digital_twin\platform\digital_twin\digital_twin.srcs\sim_1\new\tb_top.sv:]
ERROR: [Common 17-180] Spawn failed: No error
WARNING: [filemgmt 56-199] Attempt to get parsing info during refresh. "On-the-fly" syntax checking information may be incorrect. [D:\fpga\digital_twin\platform\digital_twin\digital_twin.srcs\sources_1\new\top.sv:]
WARNING: [filemgmt 56-199] Attempt to get parsing info during refresh. "On-the-fly" syntax checking information may be incorrect. [D:\fpga\digital_twin\platform\digital_twin\digital_twin.srcs\sources_1\new\twin_controller.sv:]
WARNING: [filemgmt 56-199] Attempt to get parsing info during refresh. "On-the-fly" syntax checking information may be incorrect. [D:\fpga\digital_twin\platform\digital_twin\digital_twin.srcs\sources_1\new\uart.sv:]
WARNING: [filemgmt 56-199] Attempt to get parsing info during refresh. "On-the-fly" syntax checking information may be incorrect. [D:\fpga\digital_twin\platform\digital_twin\digital_twin.srcs\sim_1\new\tb_top.sv:]
ERROR: [Common 17-180] Spawn failed: No error
WARNING: [filemgmt 56-199] Attempt to get parsing info during refresh. "On-the-fly" syntax checking information may be incorrect. [D:\fpga\digital_twin\platform\digital_twin\digital_twin.srcs\sources_1\new\top.sv:]
WARNING: [filemgmt 56-199] Attempt to get parsing info during refresh. "On-the-fly" syntax checking information may be incorrect. [D:\fpga\digital_twin\platform\digital_twin\digital_twin.srcs\sources_1\new\twin_controller.sv:]
WARNING: [filemgmt 56-199] Attempt to get parsing info during refresh. "On-the-fly" syntax checking information may be incorrect. [D:\fpga\digital_twin\platform\digital_twin\digital_twin.srcs\sources_1\new\uart.sv:]
WARNING: [filemgmt 56-199] Attempt to get parsing info during refresh. "On-the-fly" syntax checking information may be incorrect. [D:\fpga\digital_twin\platform\digital_twin\digital_twin.srcs\sim_1\new\tb_top.sv:]
WARNING: [filemgmt 56-199] Attempt to get parsing info during refresh. "On-the-fly" syntax checking information may be incorrect. [D:\fpga\digital_twin\platform\digital_twin\digital_twin.srcs\sources_1\new\top.sv:]
WARNING: [filemgmt 56-199] Attempt to get parsing info during refresh. "On-the-fly" syntax checking information may be incorrect. [D:\fpga\digital_twin\platform\digital_twin\digital_twin.srcs\sources_1\new\twin_controller.sv:]
WARNING: [filemgmt 56-199] Attempt to get parsing info during refresh. "On-the-fly" syntax checking information may be incorrect. [D:\fpga\digital_twin\platform\digital_twin\digital_twin.srcs\sources_1\new\uart.sv:]
WARNING: [filemgmt 56-199] Attempt to get parsing info during refresh. "On-the-fly" syntax checking information may be incorrect. [D:\fpga\digital_twin\platform\digital_twin\digital_twin.srcs\sim_1\new\tb_top.sv:]
ERROR: [Common 17-180] Spawn failed: No error
WARNING: [filemgmt 56-199] Attempt to get parsing info during refresh. "On-the-fly" syntax checking information may be incorrect. [D:\fpga\digital_twin\platform\digital_twin\digital_twin.srcs\sources_1\new\top.sv:]
WARNING: [filemgmt 56-199] Attempt to get parsing info during refresh. "On-the-fly" syntax checking information may be incorrect. [D:\fpga\digital_twin\platform\digital_twin\digital_twin.srcs\sources_1\new\twin_controller.sv:]
WARNING: [filemgmt 56-199] Attempt to get parsing info during refresh. "On-the-fly" syntax checking information may be incorrect. [D:\fpga\digital_twin\platform\digital_twin\digital_twin.srcs\sources_1\new\uart.sv:]
WARNING: [filemgmt 56-199] Attempt to get parsing info during refresh. "On-the-fly" syntax checking information may be incorrect. [D:\fpga\digital_twin\platform\digital_twin\digital_twin.srcs\sim_1\new\tb_top.sv:]
ERROR: [Common 17-180] Spawn failed: No error
WARNING: [filemgmt 56-199] Attempt to get parsing info during refresh. "On-the-fly" syntax checking information may be incorrect. [D:\fpga\digital_twin\platform\digital_twin\digital_twin.srcs\sources_1\new\top.sv:]
WARNING: [filemgmt 56-199] Attempt to get parsing info during refresh. "On-the-fly" syntax checking information may be incorrect. [D:\fpga\digital_twin\platform\digital_twin\digital_twin.srcs\sources_1\new\display_seg.v:]
WARNING: [filemgmt 56-199] Attempt to get parsing info during refresh. "On-the-fly" syntax checking information may be incorrect. [D:\fpga\digital_twin\platform\digital_twin\digital_twin.srcs\sources_1\new\twin_controller.sv:]
WARNING: [filemgmt 56-199] Attempt to get parsing info during refresh. "On-the-fly" syntax checking information may be incorrect. [D:\fpga\digital_twin\platform\digital_twin\digital_twin.srcs\sources_1\new\uart.sv:]
WARNING: [filemgmt 56-199] Attempt to get parsing info during refresh. "On-the-fly" syntax checking information may be incorrect. [D:\fpga\digital_twin\platform\digital_twin\digital_twin.srcs\sources_1\new\seg7.sv:]
WARNING: [filemgmt 56-199] Attempt to get parsing info during refresh. "On-the-fly" syntax checking information may be incorrect. [D:\fpga\digital_twin\platform\digital_twin\digital_twin.srcs\sim_1\new\tb_top.sv:]
WARNING: [filemgmt 56-199] Attempt to get parsing info during refresh. "On-the-fly" syntax checking information may be incorrect. [D:\fpga\digital_twin\platform\digital_twin\digital_twin.srcs\sources_1\new\top.sv:]
WARNING: [filemgmt 56-199] Attempt to get parsing info during refresh. "On-the-fly" syntax checking information may be incorrect. [D:\fpga\digital_twin\platform\digital_twin\digital_twin.srcs\sources_1\new\display_seg.v:]
WARNING: [filemgmt 56-199] Attempt to get parsing info during refresh. "On-the-fly" syntax checking information may be incorrect. [D:\fpga\digital_twin\platform\digital_twin\digital_twin.srcs\sources_1\new\twin_controller.sv:]
WARNING: [filemgmt 56-199] Attempt to get parsing info during refresh. "On-the-fly" syntax checking information may be incorrect. [D:\fpga\digital_twin\platform\digital_twin\digital_twin.srcs\sources_1\new\uart.sv:]
WARNING: [filemgmt 56-199] Attempt to get parsing info during refresh. "On-the-fly" syntax checking information may be incorrect. [D:\fpga\digital_twin\platform\digital_twin\digital_twin.srcs\sources_1\new\seg7.sv:]
WARNING: [filemgmt 56-199] Attempt to get parsing info during refresh. "On-the-fly" syntax checking information may be incorrect. [D:\fpga\digital_twin\platform\digital_twin\digital_twin.srcs\sim_1\new\tb_top.sv:]
WARNING: [filemgmt 56-199] Attempt to get parsing info during refresh. "On-the-fly" syntax checking information may be incorrect. [D:\fpga\digital_twin\platform\digital_twin\digital_twin.srcs\sources_1\new\top.sv:]
WARNING: [filemgmt 56-199] Attempt to get parsing info during refresh. "On-the-fly" syntax checking information may be incorrect. [D:\fpga\digital_twin\platform\digital_twin\digital_twin.srcs\sources_1\new\display_seg.v:]
WARNING: [filemgmt 56-199] Attempt to get parsing info during refresh. "On-the-fly" syntax checking information may be incorrect. [D:\fpga\digital_twin\platform\digital_twin\digital_twin.srcs\sources_1\new\twin_controller.sv:]
WARNING: [filemgmt 56-199] Attempt to get parsing info during refresh. "On-the-fly" syntax checking information may be incorrect. [D:\fpga\digital_twin\platform\digital_twin\digital_twin.srcs\sources_1\new\uart.sv:]
WARNING: [filemgmt 56-199] Attempt to get parsing info during refresh. "On-the-fly" syntax checking information may be incorrect. [D:\fpga\digital_twin\platform\digital_twin\digital_twin.srcs\sources_1\new\seg7.sv:]
WARNING: [filemgmt 56-199] Attempt to get parsing info during refresh. "On-the-fly" syntax checking information may be incorrect. [D:\fpga\digital_twin\platform\digital_twin\digital_twin.srcs\sim_1\new\tb_top.sv:]
WARNING: [filemgmt 56-199] Attempt to get parsing info during refresh. "On-the-fly" syntax checking information may be incorrect. [D:\fpga\digital_twin\platform\digital_twin\digital_twin.srcs\sources_1\new\top.sv:]
WARNING: [filemgmt 56-199] Attempt to get parsing info during refresh. "On-the-fly" syntax checking information may be incorrect. [D:\fpga\digital_twin\platform\digital_twin\digital_twin.srcs\sources_1\new\display_seg.v:]
WARNING: [filemgmt 56-199] Attempt to get parsing info during refresh. "On-the-fly" syntax checking information may be incorrect. [D:\fpga\digital_twin\platform\digital_twin\digital_twin.srcs\sources_1\new\twin_controller.sv:]
WARNING: [filemgmt 56-199] Attempt to get parsing info during refresh. "On-the-fly" syntax checking information may be incorrect. [D:\fpga\digital_twin\platform\digital_twin\digital_twin.srcs\sources_1\new\uart.sv:]
WARNING: [filemgmt 56-199] Attempt to get parsing info during refresh. "On-the-fly" syntax checking information may be incorrect. [D:\fpga\digital_twin\platform\digital_twin\digital_twin.srcs\sources_1\new\seg7.sv:]
WARNING: [filemgmt 56-199] Attempt to get parsing info during refresh. "On-the-fly" syntax checking information may be incorrect. [D:\fpga\digital_twin\platform\digital_twin\digital_twin.srcs\sim_1\new\tb_top.sv:]
WARNING: [filemgmt 56-199] Attempt to get parsing info during refresh. "On-the-fly" syntax checking information may be incorrect. [D:\fpga\digital_twin\platform\digital_twin\digital_twin.srcs\sources_1\new\top.sv:]
WARNING: [filemgmt 56-199] Attempt to get parsing info during refresh. "On-the-fly" syntax checking information may be incorrect. [D:\fpga\digital_twin\platform\digital_twin\digital_twin.srcs\sources_1\new\display_seg.v:]
WARNING: [filemgmt 56-199] Attempt to get parsing info during refresh. "On-the-fly" syntax checking information may be incorrect. [D:\fpga\digital_twin\platform\digital_twin\digital_twin.srcs\sources_1\new\twin_controller.sv:]
WARNING: [filemgmt 56-199] Attempt to get parsing info during refresh. "On-the-fly" syntax checking information may be incorrect. [D:\fpga\digital_twin\platform\digital_twin\digital_twin.srcs\sources_1\new\uart.sv:]
WARNING: [filemgmt 56-199] Attempt to get parsing info during refresh. "On-the-fly" syntax checking information may be incorrect. [D:\fpga\digital_twin\platform\digital_twin\digital_twin.srcs\sources_1\new\seg7.sv:]
WARNING: [filemgmt 56-199] Attempt to get parsing info during refresh. "On-the-fly" syntax checking information may be incorrect. [D:\fpga\digital_twin\platform\digital_twin\digital_twin.srcs\sim_1\new\tb_top.sv:]
WARNING: [filemgmt 56-199] Attempt to get parsing info during refresh. "On-the-fly" syntax checking information may be incorrect. [D:\fpga\digital_twin\platform\digital_twin\digital_twin.srcs\sources_1\new\top.sv:]
WARNING: [filemgmt 56-199] Attempt to get parsing info during refresh. "On-the-fly" syntax checking information may be incorrect. [D:\fpga\digital_twin\platform\digital_twin\digital_twin.srcs\sources_1\new\display_seg.v:]
WARNING: [filemgmt 56-199] Attempt to get parsing info during refresh. "On-the-fly" syntax checking information may be incorrect. [D:\fpga\digital_twin\platform\digital_twin\digital_twin.srcs\sources_1\new\twin_controller.sv:]
WARNING: [filemgmt 56-199] Attempt to get parsing info during refresh. "On-the-fly" syntax checking information may be incorrect. [D:\fpga\digital_twin\platform\digital_twin\digital_twin.srcs\sources_1\new\uart.sv:]
WARNING: [filemgmt 56-199] Attempt to get parsing info during refresh. "On-the-fly" syntax checking information may be incorrect. [D:\fpga\digital_twin\platform\digital_twin\digital_twin.srcs\sources_1\new\seg7.sv:]
WARNING: [filemgmt 56-199] Attempt to get parsing info during refresh. "On-the-fly" syntax checking information may be incorrect. [D:\fpga\digital_twin\platform\digital_twin\digital_twin.srcs\sim_1\new\tb_top.sv:]
ERROR: [Common 17-180] Spawn failed: No error
WARNING: [filemgmt 56-199] Attempt to get parsing info during refresh. "On-the-fly" syntax checking information may be incorrect. [D:\fpga\digital_twin\platform\digital_twin\digital_twin.srcs\sources_1\new\top.sv:]
WARNING: [filemgmt 56-199] Attempt to get parsing info during refresh. "On-the-fly" syntax checking information may be incorrect. [D:\fpga\digital_twin\platform\digital_twin\digital_twin.srcs\sources_1\new\display_seg.v:]
WARNING: [filemgmt 56-199] Attempt to get parsing info during refresh. "On-the-fly" syntax checking information may be incorrect. [D:\fpga\digital_twin\platform\digital_twin\digital_twin.srcs\sources_1\new\twin_controller.sv:]
WARNING: [filemgmt 56-199] Attempt to get parsing info during refresh. "On-the-fly" syntax checking information may be incorrect. [D:\fpga\digital_twin\platform\digital_twin\digital_twin.srcs\sources_1\new\uart.sv:]
WARNING: [filemgmt 56-199] Attempt to get parsing info during refresh. "On-the-fly" syntax checking information may be incorrect. [D:\fpga\digital_twin\platform\digital_twin\digital_twin.srcs\sources_1\new\seg7.sv:]
WARNING: [filemgmt 56-199] Attempt to get parsing info during refresh. "On-the-fly" syntax checking information may be incorrect. [D:\fpga\digital_twin\platform\digital_twin\digital_twin.srcs\sim_1\new\tb_top.sv:]
WARNING: [filemgmt 56-199] Attempt to get parsing info during refresh. "On-the-fly" syntax checking information may be incorrect. [D:\fpga\digital_twin\platform\digital_twin\digital_twin.srcs\sources_1\new\top.sv:]
WARNING: [filemgmt 56-199] Attempt to get parsing info during refresh. "On-the-fly" syntax checking information may be incorrect. [D:\fpga\digital_twin\platform\digital_twin\digital_twin.srcs\sources_1\new\display_seg.v:]
WARNING: [filemgmt 56-199] Attempt to get parsing info during refresh. "On-the-fly" syntax checking information may be incorrect. [D:\fpga\digital_twin\platform\digital_twin\digital_twin.srcs\sources_1\new\twin_controller.sv:]
WARNING: [filemgmt 56-199] Attempt to get parsing info during refresh. "On-the-fly" syntax checking information may be incorrect. [D:\fpga\digital_twin\platform\digital_twin\digital_twin.srcs\sources_1\new\uart.sv:]
WARNING: [filemgmt 56-199] Attempt to get parsing info during refresh. "On-the-fly" syntax checking information may be incorrect. [D:\fpga\digital_twin\platform\digital_twin\digital_twin.srcs\sources_1\new\seg7.sv:]
WARNING: [filemgmt 56-199] Attempt to get parsing info during refresh. "On-the-fly" syntax checking information may be incorrect. [D:\fpga\digital_twin\platform\digital_twin\digital_twin.srcs\sim_1\new\tb_top.sv:]
WARNING: [filemgmt 56-199] Attempt to get parsing info during refresh. "On-the-fly" syntax checking information may be incorrect. [D:\fpga\digital_twin\platform\digital_twin\digital_twin.srcs\sources_1\new\top.sv:]
WARNING: [filemgmt 56-199] Attempt to get parsing info during refresh. "On-the-fly" syntax checking information may be incorrect. [D:\fpga\digital_twin\platform\digital_twin\digital_twin.srcs\sources_1\new\display_seg.v:]
WARNING: [filemgmt 56-199] Attempt to get parsing info during refresh. "On-the-fly" syntax checking information may be incorrect. [D:\fpga\digital_twin\platform\digital_twin\digital_twin.srcs\sources_1\new\twin_controller.sv:]
WARNING: [filemgmt 56-199] Attempt to get parsing info during refresh. "On-the-fly" syntax checking information may be incorrect. [D:\fpga\digital_twin\platform\digital_twin\digital_twin.srcs\sources_1\new\uart.sv:]
WARNING: [filemgmt 56-199] Attempt to get parsing info during refresh. "On-the-fly" syntax checking information may be incorrect. [D:\fpga\digital_twin\platform\digital_twin\digital_twin.srcs\sources_1\new\seg7.sv:]
WARNING: [filemgmt 56-199] Attempt to get parsing info during refresh. "On-the-fly" syntax checking information may be incorrect. [D:\fpga\digital_twin\platform\digital_twin\digital_twin.srcs\sim_1\new\tb_top.sv:]
ERROR: [Common 17-180] Spawn failed: No error
WARNING: [filemgmt 56-199] Attempt to get parsing info during refresh. "On-the-fly" syntax checking information may be incorrect. [D:\fpga\digital_twin\platform\digital_twin\digital_twin.srcs\sources_1\new\top.sv:]
WARNING: [filemgmt 56-199] Attempt to get parsing info during refresh. "On-the-fly" syntax checking information may be incorrect. [D:\fpga\digital_twin\platform\digital_twin\digital_twin.srcs\sources_1\new\display_seg.v:]
WARNING: [filemgmt 56-199] Attempt to get parsing info during refresh. "On-the-fly" syntax checking information may be incorrect. [D:\fpga\digital_twin\platform\digital_twin\digital_twin.srcs\sources_1\new\twin_controller.sv:]
WARNING: [filemgmt 56-199] Attempt to get parsing info during refresh. "On-the-fly" syntax checking information may be incorrect. [D:\fpga\digital_twin\platform\digital_twin\digital_twin.srcs\sources_1\new\uart.sv:]
WARNING: [filemgmt 56-199] Attempt to get parsing info during refresh. "On-the-fly" syntax checking information may be incorrect. [D:\fpga\digital_twin\platform\digital_twin\digital_twin.srcs\sources_1\new\seg7.sv:]
WARNING: [filemgmt 56-199] Attempt to get parsing info during refresh. "On-the-fly" syntax checking information may be incorrect. [D:\fpga\digital_twin\platform\digital_twin\digital_twin.srcs\sim_1\new\tb_top.sv:]
ERROR: [Common 17-180] Spawn failed: No error
WARNING: [filemgmt 56-199] Attempt to get parsing info during refresh. "On-the-fly" syntax checking information may be incorrect. [D:\fpga\digital_twin\platform\digital_twin\digital_twin.srcs\sources_1\new\top.sv:]
WARNING: [filemgmt 56-199] Attempt to get parsing info during refresh. "On-the-fly" syntax checking information may be incorrect. [D:\fpga\digital_twin\platform\digital_twin\digital_twin.srcs\sources_1\new\display_seg.v:]
WARNING: [filemgmt 56-199] Attempt to get parsing info during refresh. "On-the-fly" syntax checking information may be incorrect. [D:\fpga\digital_twin\platform\digital_twin\digital_twin.srcs\sources_1\new\twin_controller.sv:]
WARNING: [filemgmt 56-199] Attempt to get parsing info during refresh. "On-the-fly" syntax checking information may be incorrect. [D:\fpga\digital_twin\platform\digital_twin\digital_twin.srcs\sources_1\new\uart.sv:]
WARNING: [filemgmt 56-199] Attempt to get parsing info during refresh. "On-the-fly" syntax checking information may be incorrect. [D:\fpga\digital_twin\platform\digital_twin\digital_twin.srcs\sources_1\new\seg7.sv:]
WARNING: [filemgmt 56-199] Attempt to get parsing info during refresh. "On-the-fly" syntax checking information may be incorrect. [D:\fpga\digital_twin\platform\digital_twin\digital_twin.srcs\sim_1\new\tb_top.sv:]
ERROR: [Common 17-180] Spawn failed: No error
WARNING: [filemgmt 56-199] Attempt to get parsing info during refresh. "On-the-fly" syntax checking information may be incorrect. [D:\fpga\digital_twin\platform\digital_twin\digital_twin.srcs\sources_1\new\top.sv:]
WARNING: [filemgmt 56-199] Attempt to get parsing info during refresh. "On-the-fly" syntax checking information may be incorrect. [D:\fpga\digital_twin\platform\digital_twin\digital_twin.srcs\sources_1\new\display_seg.v:]
WARNING: [filemgmt 56-199] Attempt to get parsing info during refresh. "On-the-fly" syntax checking information may be incorrect. [D:\fpga\digital_twin\platform\digital_twin\digital_twin.srcs\sources_1\new\twin_controller.sv:]
WARNING: [filemgmt 56-199] Attempt to get parsing info during refresh. "On-the-fly" syntax checking information may be incorrect. [D:\fpga\digital_twin\platform\digital_twin\digital_twin.srcs\sources_1\new\uart.sv:]
WARNING: [filemgmt 56-199] Attempt to get parsing info during refresh. "On-the-fly" syntax checking information may be incorrect. [D:\fpga\digital_twin\platform\digital_twin\digital_twin.srcs\sources_1\new\seg7.sv:]
WARNING: [filemgmt 56-199] Attempt to get parsing info during refresh. "On-the-fly" syntax checking information may be incorrect. [D:\fpga\digital_twin\platform\digital_twin\digital_twin.srcs\sim_1\new\tb_top.sv:]
WARNING: [filemgmt 56-199] Attempt to get parsing info during refresh. "On-the-fly" syntax checking information may be incorrect. [D:\fpga\digital_twin\platform\digital_twin\digital_twin.srcs\sources_1\new\top.sv:]
WARNING: [filemgmt 56-199] Attempt to get parsing info during refresh. "On-the-fly" syntax checking information may be incorrect. [D:\fpga\digital_twin\platform\digital_twin\digital_twin.srcs\sources_1\new\display_seg.v:]
WARNING: [filemgmt 56-199] Attempt to get parsing info during refresh. "On-the-fly" syntax checking information may be incorrect. [D:\fpga\digital_twin\platform\digital_twin\digital_twin.srcs\sources_1\new\twin_controller.sv:]
WARNING: [filemgmt 56-199] Attempt to get parsing info during refresh. "On-the-fly" syntax checking information may be incorrect. [D:\fpga\digital_twin\platform\digital_twin\digital_twin.srcs\sources_1\new\uart.sv:]
WARNING: [filemgmt 56-199] Attempt to get parsing info during refresh. "On-the-fly" syntax checking information may be incorrect. [D:\fpga\digital_twin\platform\digital_twin\digital_twin.srcs\sources_1\new\seg7.sv:]
WARNING: [filemgmt 56-199] Attempt to get parsing info during refresh. "On-the-fly" syntax checking information may be incorrect. [D:\fpga\digital_twin\platform\digital_twin\digital_twin.srcs\sim_1\new\tb_top.sv:]
WARNING: [filemgmt 56-199] Attempt to get parsing info during refresh. "On-the-fly" syntax checking information may be incorrect. [D:\fpga\digital_twin\platform\digital_twin\digital_twin.srcs\sources_1\new\top.sv:]
WARNING: [filemgmt 56-199] Attempt to get parsing info during refresh. "On-the-fly" syntax checking information may be incorrect. [D:\fpga\digital_twin\platform\digital_twin\digital_twin.srcs\sources_1\new\display_seg.v:]
WARNING: [filemgmt 56-199] Attempt to get parsing info during refresh. "On-the-fly" syntax checking information may be incorrect. [D:\fpga\digital_twin\platform\digital_twin\digital_twin.srcs\sources_1\new\twin_controller.sv:]
WARNING: [filemgmt 56-199] Attempt to get parsing info during refresh. "On-the-fly" syntax checking information may be incorrect. [D:\fpga\digital_twin\platform\digital_twin\digital_twin.srcs\sources_1\new\uart.sv:]
WARNING: [filemgmt 56-199] Attempt to get parsing info during refresh. "On-the-fly" syntax checking information may be incorrect. [D:\fpga\digital_twin\platform\digital_twin\digital_twin.srcs\sources_1\new\seg7.sv:]
WARNING: [filemgmt 56-199] Attempt to get parsing info during refresh. "On-the-fly" syntax checking information may be incorrect. [D:\fpga\digital_twin\platform\digital_twin\digital_twin.srcs\sim_1\new\tb_top.sv:]
ERROR: [Common 17-180] Spawn failed: No error
WARNING: [filemgmt 56-199] Attempt to get parsing info during refresh. "On-the-fly" syntax checking information may be incorrect. [D:\fpga\digital_twin\platform\digital_twin\digital_twin.srcs\sources_1\new\top.sv:]
WARNING: [filemgmt 56-199] Attempt to get parsing info during refresh. "On-the-fly" syntax checking information may be incorrect. [D:\fpga\digital_twin\platform\digital_twin\digital_twin.srcs\sources_1\new\display_seg.v:]
WARNING: [filemgmt 56-199] Attempt to get parsing info during refresh. "On-the-fly" syntax checking information may be incorrect. [D:\fpga\digital_twin\platform\digital_twin\digital_twin.srcs\sources_1\new\twin_controller.sv:]
WARNING: [filemgmt 56-199] Attempt to get parsing info during refresh. "On-the-fly" syntax checking information may be incorrect. [D:\fpga\digital_twin\platform\digital_twin\digital_twin.srcs\sources_1\new\uart.sv:]
WARNING: [filemgmt 56-199] Attempt to get parsing info during refresh. "On-the-fly" syntax checking information may be incorrect. [D:\fpga\digital_twin\platform\digital_twin\digital_twin.srcs\sources_1\new\seg7.sv:]
WARNING: [filemgmt 56-199] Attempt to get parsing info during refresh. "On-the-fly" syntax checking information may be incorrect. [D:\fpga\digital_twin\platform\digital_twin\digital_twin.srcs\sim_1\new\tb_top.sv:]
ERROR: [Common 17-180] Spawn failed: No error
WARNING: [filemgmt 56-199] Attempt to get parsing info during refresh. "On-the-fly" syntax checking information may be incorrect. [D:\fpga\digital_twin\platform\digital_twin\digital_twin.srcs\sources_1\new\top.sv:]
WARNING: [filemgmt 56-199] Attempt to get parsing info during refresh. "On-the-fly" syntax checking information may be incorrect. [D:\fpga\digital_twin\platform\digital_twin\digital_twin.srcs\sources_1\new\display_seg.v:]
WARNING: [filemgmt 56-199] Attempt to get parsing info during refresh. "On-the-fly" syntax checking information may be incorrect. [D:\fpga\digital_twin\platform\digital_twin\digital_twin.srcs\sources_1\new\twin_controller.sv:]
WARNING: [filemgmt 56-199] Attempt to get parsing info during refresh. "On-the-fly" syntax checking information may be incorrect. [D:\fpga\digital_twin\platform\digital_twin\digital_twin.srcs\sources_1\new\uart.sv:]
WARNING: [filemgmt 56-199] Attempt to get parsing info during refresh. "On-the-fly" syntax checking information may be incorrect. [D:\fpga\digital_twin\platform\digital_twin\digital_twin.srcs\sources_1\new\seg7.sv:]
WARNING: [filemgmt 56-199] Attempt to get parsing info during refresh. "On-the-fly" syntax checking information may be incorrect. [D:\fpga\digital_twin\platform\digital_twin\digital_twin.srcs\sim_1\new\tb_top.sv:]
ERROR: [Common 17-180] Spawn failed: No error
WARNING: [filemgmt 56-199] Attempt to get parsing info during refresh. "On-the-fly" syntax checking information may be incorrect. [D:\fpga\digital_twin\platform\digital_twin\digital_twin.srcs\sources_1\new\top.sv:]
WARNING: [filemgmt 56-199] Attempt to get parsing info during refresh. "On-the-fly" syntax checking information may be incorrect. [D:\fpga\digital_twin\platform\digital_twin\digital_twin.srcs\sim_1\new\tb_uart.sv:]
WARNING: [filemgmt 56-199] Attempt to get parsing info during refresh. "On-the-fly" syntax checking information may be incorrect. [D:\fpga\digital_twin\platform\digital_twin\digital_twin.srcs\sources_1\new\display_seg.v:]
WARNING: [filemgmt 56-199] Attempt to get parsing info during refresh. "On-the-fly" syntax checking information may be incorrect. [D:\fpga\digital_twin\platform\digital_twin\digital_twin.srcs\sources_1\new\twin_controller.sv:]
WARNING: [filemgmt 56-199] Attempt to get parsing info during refresh. "On-the-fly" syntax checking information may be incorrect. [D:\fpga\digital_twin\platform\digital_twin\digital_twin.srcs\sources_1\new\uart.sv:]
WARNING: [filemgmt 56-199] Attempt to get parsing info during refresh. "On-the-fly" syntax checking information may be incorrect. [D:\fpga\digital_twin\platform\digital_twin\digital_twin.srcs\sources_1\new\seg7.sv:]
WARNING: [filemgmt 56-199] Attempt to get parsing info during refresh. "On-the-fly" syntax checking information may be incorrect. [D:\fpga\digital_twin\platform\digital_twin\digital_twin.srcs\sim_1\new\tb_top.sv:]
WARNING: [filemgmt 56-199] Attempt to get parsing info during refresh. "On-the-fly" syntax checking information may be incorrect. [D:\fpga\digital_twin\platform\digital_twin\digital_twin.srcs\sources_1\new\top.sv:]
WARNING: [filemgmt 56-199] Attempt to get parsing info during refresh. "On-the-fly" syntax checking information may be incorrect. [D:\fpga\digital_twin\platform\digital_twin\digital_twin.srcs\sim_1\new\tb_uart.sv:]
WARNING: [filemgmt 56-199] Attempt to get parsing info during refresh. "On-the-fly" syntax checking information may be incorrect. [D:\fpga\digital_twin\platform\digital_twin\digital_twin.srcs\sources_1\new\display_seg.v:]
WARNING: [filemgmt 56-199] Attempt to get parsing info during refresh. "On-the-fly" syntax checking information may be incorrect. [D:\fpga\digital_twin\platform\digital_twin\digital_twin.srcs\sources_1\new\twin_controller.sv:]
WARNING: [filemgmt 56-199] Attempt to get parsing info during refresh. "On-the-fly" syntax checking information may be incorrect. [D:\fpga\digital_twin\platform\digital_twin\digital_twin.srcs\sources_1\new\uart.sv:]
WARNING: [filemgmt 56-199] Attempt to get parsing info during refresh. "On-the-fly" syntax checking information may be incorrect. [D:\fpga\digital_twin\platform\digital_twin\digital_twin.srcs\sources_1\new\seg7.sv:]
WARNING: [filemgmt 56-199] Attempt to get parsing info during refresh. "On-the-fly" syntax checking information may be incorrect. [D:\fpga\digital_twin\platform\digital_twin\digital_twin.srcs\sim_1\new\tb_top.sv:]
WARNING: [filemgmt 56-199] Attempt to get parsing info during refresh. "On-the-fly" syntax checking information may be incorrect. [D:\fpga\digital_twin\platform\digital_twin\digital_twin.srcs\sources_1\new\top.sv:]
WARNING: [filemgmt 56-199] Attempt to get parsing info during refresh. "On-the-fly" syntax checking information may be incorrect. [D:\fpga\digital_twin\platform\digital_twin\digital_twin.srcs\sim_1\new\tb_uart.sv:]
WARNING: [filemgmt 56-199] Attempt to get parsing info during refresh. "On-the-fly" syntax checking information may be incorrect. [D:\fpga\digital_twin\platform\digital_twin\digital_twin.srcs\sources_1\new\display_seg.v:]
WARNING: [filemgmt 56-199] Attempt to get parsing info during refresh. "On-the-fly" syntax checking information may be incorrect. [D:\fpga\digital_twin\platform\digital_twin\digital_twin.srcs\sources_1\new\twin_controller.sv:]
WARNING: [filemgmt 56-199] Attempt to get parsing info during refresh. "On-the-fly" syntax checking information may be incorrect. [D:\fpga\digital_twin\platform\digital_twin\digital_twin.srcs\sources_1\new\uart.sv:]
WARNING: [filemgmt 56-199] Attempt to get parsing info during refresh. "On-the-fly" syntax checking information may be incorrect. [D:\fpga\digital_twin\platform\digital_twin\digital_twin.srcs\sources_1\new\seg7.sv:]
WARNING: [filemgmt 56-199] Attempt to get parsing info during refresh. "On-the-fly" syntax checking information may be incorrect. [D:\fpga\digital_twin\platform\digital_twin\digital_twin.srcs\sim_1\new\tb_top.sv:]
WARNING: [filemgmt 56-199] Attempt to get parsing info during refresh. "On-the-fly" syntax checking information may be incorrect. [D:\fpga\digital_twin\platform\digital_twin\digital_twin.srcs\sources_1\new\top.sv:]
WARNING: [filemgmt 56-199] Attempt to get parsing info during refresh. "On-the-fly" syntax checking information may be incorrect. [D:\fpga\digital_twin\platform\digital_twin\digital_twin.srcs\sim_1\new\tb_uart.sv:]
WARNING: [filemgmt 56-199] Attempt to get parsing info during refresh. "On-the-fly" syntax checking information may be incorrect. [D:\fpga\digital_twin\platform\digital_twin\digital_twin.srcs\sources_1\new\display_seg.v:]
WARNING: [filemgmt 56-199] Attempt to get parsing info during refresh. "On-the-fly" syntax checking information may be incorrect. [D:\fpga\digital_twin\platform\digital_twin\digital_twin.srcs\sources_1\new\twin_controller.sv:]
WARNING: [filemgmt 56-199] Attempt to get parsing info during refresh. "On-the-fly" syntax checking information may be incorrect. [D:\fpga\digital_twin\platform\digital_twin\digital_twin.srcs\sources_1\new\uart.sv:]
WARNING: [filemgmt 56-199] Attempt to get parsing info during refresh. "On-the-fly" syntax checking information may be incorrect. [D:\fpga\digital_twin\platform\digital_twin\digital_twin.srcs\sources_1\new\seg7.sv:]
WARNING: [filemgmt 56-199] Attempt to get parsing info during refresh. "On-the-fly" syntax checking information may be incorrect. [D:\fpga\digital_twin\platform\digital_twin\digital_twin.srcs\sim_1\new\tb_top.sv:]
WARNING: [filemgmt 56-199] Attempt to get parsing info during refresh. "On-the-fly" syntax checking information may be incorrect. [D:\fpga\digital_twin\platform\digital_twin\digital_twin.srcs\sources_1\new\top.sv:]
WARNING: [filemgmt 56-199] Attempt to get parsing info during refresh. "On-the-fly" syntax checking information may be incorrect. [D:\fpga\digital_twin\platform\digital_twin\digital_twin.srcs\sim_1\new\tb_uart.sv:]
WARNING: [filemgmt 56-199] Attempt to get parsing info during refresh. "On-the-fly" syntax checking information may be incorrect. [D:\fpga\digital_twin\platform\digital_twin\digital_twin.srcs\sources_1\new\display_seg.v:]
WARNING: [filemgmt 56-199] Attempt to get parsing info during refresh. "On-the-fly" syntax checking information may be incorrect. [D:\fpga\digital_twin\platform\digital_twin\digital_twin.srcs\sources_1\new\twin_controller.sv:]
WARNING: [filemgmt 56-199] Attempt to get parsing info during refresh. "On-the-fly" syntax checking information may be incorrect. [D:\fpga\digital_twin\platform\digital_twin\digital_twin.srcs\sources_1\new\uart.sv:]
WARNING: [filemgmt 56-199] Attempt to get parsing info during refresh. "On-the-fly" syntax checking information may be incorrect. [D:\fpga\digital_twin\platform\digital_twin\digital_twin.srcs\sources_1\new\seg7.sv:]
WARNING: [filemgmt 56-199] Attempt to get parsing info during refresh. "On-the-fly" syntax checking information may be incorrect. [D:\fpga\digital_twin\platform\digital_twin\digital_twin.srcs\sim_1\new\tb_top.sv:]
WARNING: [filemgmt 56-199] Attempt to get parsing info during refresh. "On-the-fly" syntax checking information may be incorrect. [D:\fpga\digital_twin\platform\digital_twin\digital_twin.srcs\sources_1\new\top.sv:]
WARNING: [filemgmt 56-199] Attempt to get parsing info during refresh. "On-the-fly" syntax checking information may be incorrect. [D:\fpga\digital_twin\platform\digital_twin\digital_twin.srcs\sources_1\new\top.sv:]
WARNING: [filemgmt 56-199] Attempt to get parsing info during refresh. "On-the-fly" syntax checking information may be incorrect. [D:\fpga\digital_twin\platform\digital_twin\digital_twin.srcs\sim_1\new\tb_uart.sv:]
WARNING: [filemgmt 56-199] Attempt to get parsing info during refresh. "On-the-fly" syntax checking information may be incorrect. [D:\fpga\digital_twin\platform\digital_twin\digital_twin.srcs\sources_1\new\display_seg.v:]
WARNING: [filemgmt 56-199] Attempt to get parsing info during refresh. "On-the-fly" syntax checking information may be incorrect. [D:\fpga\digital_twin\platform\digital_twin\digital_twin.srcs\sources_1\new\twin_controller.sv:]
WARNING: [filemgmt 56-199] Attempt to get parsing info during refresh. "On-the-fly" syntax checking information may be incorrect. [D:\fpga\digital_twin\platform\digital_twin\digital_twin.srcs\sources_1\new\uart.sv:]
WARNING: [filemgmt 56-199] Attempt to get parsing info during refresh. "On-the-fly" syntax checking information may be incorrect. [D:\fpga\digital_twin\platform\digital_twin\digital_twin.srcs\sources_1\new\seg7.sv:]
WARNING: [filemgmt 56-199] Attempt to get parsing info during refresh. "On-the-fly" syntax checking information may be incorrect. [D:\fpga\digital_twin\platform\digital_twin\digital_twin.srcs\sim_1\new\tb_top.sv:]
WARNING: [filemgmt 56-199] Attempt to get parsing info during refresh. "On-the-fly" syntax checking information may be incorrect. [D:\fpga\digital_twin\platform\digital_twin\digital_twin.srcs\sources_1\new\top.sv:]
WARNING: [filemgmt 56-199] Attempt to get parsing info during refresh. "On-the-fly" syntax checking information may be incorrect. [D:\fpga\digital_twin\platform\digital_twin\digital_twin.srcs\sim_1\new\tb_uart.sv:]
WARNING: [filemgmt 56-199] Attempt to get parsing info during refresh. "On-the-fly" syntax checking information may be incorrect. [D:\fpga\digital_twin\platform\digital_twin\digital_twin.srcs\sources_1\new\display_seg.v:]
WARNING: [filemgmt 56-199] Attempt to get parsing info during refresh. "On-the-fly" syntax checking information may be incorrect. [D:\fpga\digital_twin\platform\digital_twin\digital_twin.srcs\sources_1\new\twin_controller.sv:]
WARNING: [filemgmt 56-199] Attempt to get parsing info during refresh. "On-the-fly" syntax checking information may be incorrect. [D:\fpga\digital_twin\platform\digital_twin\digital_twin.srcs\sources_1\new\uart.sv:]
WARNING: [filemgmt 56-199] Attempt to get parsing info during refresh. "On-the-fly" syntax checking information may be incorrect. [D:\fpga\digital_twin\platform\digital_twin\digital_twin.srcs\sources_1\new\seg7.sv:]
WARNING: [filemgmt 56-199] Attempt to get parsing info during refresh. "On-the-fly" syntax checking information may be incorrect. [D:\fpga\digital_twin\platform\digital_twin\digital_twin.srcs\sim_1\new\tb_top.sv:]
WARNING: [filemgmt 56-199] Attempt to get parsing info during refresh. "On-the-fly" syntax checking information may be incorrect. [D:\fpga\digital_twin\platform\digital_twin\digital_twin.srcs\sources_1\new\top.sv:]
WARNING: [filemgmt 56-199] Attempt to get parsing info during refresh. "On-the-fly" syntax checking information may be incorrect. [D:\fpga\digital_twin\platform\digital_twin\digital_twin.srcs\sim_1\new\tb_uart.sv:]
WARNING: [filemgmt 56-199] Attempt to get parsing info during refresh. "On-the-fly" syntax checking information may be incorrect. [D:\fpga\digital_twin\platform\digital_twin\digital_twin.srcs\sources_1\new\display_seg.v:]
WARNING: [filemgmt 56-199] Attempt to get parsing info during refresh. "On-the-fly" syntax checking information may be incorrect. [D:\fpga\digital_twin\platform\digital_twin\digital_twin.srcs\sources_1\new\twin_controller.sv:]
WARNING: [filemgmt 56-199] Attempt to get parsing info during refresh. "On-the-fly" syntax checking information may be incorrect. [D:\fpga\digital_twin\platform\digital_twin\digital_twin.srcs\sources_1\new\uart.sv:]
WARNING: [filemgmt 56-199] Attempt to get parsing info during refresh. "On-the-fly" syntax checking information may be incorrect. [D:\fpga\digital_twin\platform\digital_twin\digital_twin.srcs\sources_1\new\seg7.sv:]
WARNING: [filemgmt 56-199] Attempt to get parsing info during refresh. "On-the-fly" syntax checking information may be incorrect. [D:\fpga\digital_twin\platform\digital_twin\digital_twin.srcs\sim_1\new\tb_top.sv:]
WARNING: [filemgmt 56-199] Attempt to get parsing info during refresh. "On-the-fly" syntax checking information may be incorrect. [D:\fpga\digital_twin\platform\digital_twin\digital_twin.srcs\sources_1\new\top.sv:]
WARNING: [filemgmt 56-199] Attempt to get parsing info during refresh. "On-the-fly" syntax checking information may be incorrect. [D:\fpga\digital_twin\platform\digital_twin\digital_twin.srcs\sim_1\new\tb_uart.sv:]
WARNING: [filemgmt 56-199] Attempt to get parsing info during refresh. "On-the-fly" syntax checking information may be incorrect. [D:\fpga\digital_twin\platform\digital_twin\digital_twin.srcs\sources_1\new\display_seg.v:]
WARNING: [filemgmt 56-199] Attempt to get parsing info during refresh. "On-the-fly" syntax checking information may be incorrect. [D:\fpga\digital_twin\platform\digital_twin\digital_twin.srcs\sources_1\new\twin_controller.sv:]
WARNING: [filemgmt 56-199] Attempt to get parsing info during refresh. "On-the-fly" syntax checking information may be incorrect. [D:\fpga\digital_twin\platform\digital_twin\digital_twin.srcs\sources_1\new\uart.sv:]
WARNING: [filemgmt 56-199] Attempt to get parsing info during refresh. "On-the-fly" syntax checking information may be incorrect. [D:\fpga\digital_twin\platform\digital_twin\digital_twin.srcs\sources_1\new\seg7.sv:]
WARNING: [filemgmt 56-199] Attempt to get parsing info during refresh. "On-the-fly" syntax checking information may be incorrect. [D:\fpga\digital_twin\platform\digital_twin\digital_twin.srcs\sim_1\new\tb_top.sv:]
WARNING: [filemgmt 56-199] Attempt to get parsing info during refresh. "On-the-fly" syntax checking information may be incorrect. [D:\fpga\digital_twin\platform\digital_twin\digital_twin.srcs\sources_1\new\top.sv:]
WARNING: [filemgmt 56-199] Attempt to get parsing info during refresh. "On-the-fly" syntax checking information may be incorrect. [D:\fpga\digital_twin\platform\digital_twin\digital_twin.srcs\sim_1\new\tb_uart.sv:]
WARNING: [filemgmt 56-199] Attempt to get parsing info during refresh. "On-the-fly" syntax checking information may be incorrect. [D:\fpga\digital_twin\platform\digital_twin\digital_twin.srcs\sources_1\new\display_seg.v:]
WARNING: [filemgmt 56-199] Attempt to get parsing info during refresh. "On-the-fly" syntax checking information may be incorrect. [D:\fpga\digital_twin\platform\digital_twin\digital_twin.srcs\sources_1\new\twin_controller.sv:]
WARNING: [filemgmt 56-199] Attempt to get parsing info during refresh. "On-the-fly" syntax checking information may be incorrect. [D:\fpga\digital_twin\platform\digital_twin\digital_twin.srcs\sources_1\new\uart.sv:]
WARNING: [filemgmt 56-199] Attempt to get parsing info during refresh. "On-the-fly" syntax checking information may be incorrect. [D:\fpga\digital_twin\platform\digital_twin\digital_twin.srcs\sources_1\new\seg7.sv:]
WARNING: [filemgmt 56-199] Attempt to get parsing info during refresh. "On-the-fly" syntax checking information may be incorrect. [D:\fpga\digital_twin\platform\digital_twin\digital_twin.srcs\sim_1\new\tb_top.sv:]
WARNING: [filemgmt 56-199] Attempt to get parsing info during refresh. "On-the-fly" syntax checking information may be incorrect. [D:\fpga\digital_twin\platform\digital_twin\digital_twin.srcs\sources_1\new\top.sv:]
WARNING: [filemgmt 56-199] Attempt to get parsing info during refresh. "On-the-fly" syntax checking information may be incorrect. [D:\fpga\digital_twin\platform\digital_twin\digital_twin.srcs\sim_1\new\tb_uart.sv:]
WARNING: [filemgmt 56-199] Attempt to get parsing info during refresh. "On-the-fly" syntax checking information may be incorrect. [D:\fpga\digital_twin\platform\digital_twin\digital_twin.srcs\sources_1\new\display_seg.v:]
WARNING: [filemgmt 56-199] Attempt to get parsing info during refresh. "On-the-fly" syntax checking information may be incorrect. [D:\fpga\digital_twin\platform\digital_twin\digital_twin.srcs\sources_1\new\twin_controller.sv:]
WARNING: [filemgmt 56-199] Attempt to get parsing info during refresh. "On-the-fly" syntax checking information may be incorrect. [D:\fpga\digital_twin\platform\digital_twin\digital_twin.srcs\sources_1\new\uart.sv:]
WARNING: [filemgmt 56-199] Attempt to get parsing info during refresh. "On-the-fly" syntax checking information may be incorrect. [D:\fpga\digital_twin\platform\digital_twin\digital_twin.srcs\sources_1\new\seg7.sv:]
WARNING: [filemgmt 56-199] Attempt to get parsing info during refresh. "On-the-fly" syntax checking information may be incorrect. [D:\fpga\digital_twin\platform\digital_twin\digital_twin.srcs\sim_1\new\tb_top.sv:]
WARNING: [filemgmt 56-199] Attempt to get parsing info during refresh. "On-the-fly" syntax checking information may be incorrect. [D:\fpga\digital_twin\platform\digital_twin\digital_twin.srcs\sources_1\new\top.sv:]
WARNING: [filemgmt 56-199] Attempt to get parsing info during refresh. "On-the-fly" syntax checking information may be incorrect. [D:\fpga\digital_twin\platform\digital_twin\digital_twin.srcs\sim_1\new\tb_uart.sv:]
WARNING: [filemgmt 56-199] Attempt to get parsing info during refresh. "On-the-fly" syntax checking information may be incorrect. [D:\fpga\digital_twin\platform\digital_twin\digital_twin.srcs\sources_1\new\display_seg.v:]
WARNING: [filemgmt 56-199] Attempt to get parsing info during refresh. "On-the-fly" syntax checking information may be incorrect. [D:\fpga\digital_twin\platform\digital_twin\digital_twin.srcs\sources_1\new\twin_controller.sv:]
WARNING: [filemgmt 56-199] Attempt to get parsing info during refresh. "On-the-fly" syntax checking information may be incorrect. [D:\fpga\digital_twin\platform\digital_twin\digital_twin.srcs\sources_1\new\uart.sv:]
WARNING: [filemgmt 56-199] Attempt to get parsing info during refresh. "On-the-fly" syntax checking information may be incorrect. [D:\fpga\digital_twin\platform\digital_twin\digital_twin.srcs\sources_1\new\seg7.sv:]
WARNING: [filemgmt 56-199] Attempt to get parsing info during refresh. "On-the-fly" syntax checking information may be incorrect. [D:\fpga\digital_twin\platform\digital_twin\digital_twin.srcs\sim_1\new\tb_top.sv:]
WARNING: [filemgmt 56-199] Attempt to get parsing info during refresh. "On-the-fly" syntax checking information may be incorrect. [D:\fpga\digital_twin\platform\digital_twin\digital_twin.srcs\sources_1\new\top.sv:]
WARNING: [filemgmt 56-199] Attempt to get parsing info during refresh. "On-the-fly" syntax checking information may be incorrect. [D:\fpga\digital_twin\platform\digital_twin\digital_twin.srcs\sim_1\new\tb_uart.sv:]
WARNING: [filemgmt 56-199] Attempt to get parsing info during refresh. "On-the-fly" syntax checking information may be incorrect. [D:\fpga\digital_twin\platform\digital_twin\digital_twin.srcs\sources_1\new\display_seg.v:]
WARNING: [filemgmt 56-199] Attempt to get parsing info during refresh. "On-the-fly" syntax checking information may be incorrect. [D:\fpga\digital_twin\platform\digital_twin\digital_twin.srcs\sources_1\new\twin_controller.sv:]
WARNING: [filemgmt 56-199] Attempt to get parsing info during refresh. "On-the-fly" syntax checking information may be incorrect. [D:\fpga\digital_twin\platform\digital_twin\digital_twin.srcs\sources_1\new\uart.sv:]
WARNING: [filemgmt 56-199] Attempt to get parsing info during refresh. "On-the-fly" syntax checking information may be incorrect. [D:\fpga\digital_twin\platform\digital_twin\digital_twin.srcs\sources_1\new\seg7.sv:]
WARNING: [filemgmt 56-199] Attempt to get parsing info during refresh. "On-the-fly" syntax checking information may be incorrect. [D:\fpga\digital_twin\platform\digital_twin\digital_twin.srcs\sim_1\new\tb_top.sv:]
WARNING: [filemgmt 56-199] Attempt to get parsing info during refresh. "On-the-fly" syntax checking information may be incorrect. [D:\fpga\digital_twin\platform\digital_twin\digital_twin.srcs\sources_1\new\top.sv:]
WARNING: [filemgmt 56-199] Attempt to get parsing info during refresh. "On-the-fly" syntax checking information may be incorrect. [D:\fpga\digital_twin\platform\digital_twin\digital_twin.srcs\sim_1\new\tb_uart.sv:]
WARNING: [filemgmt 56-199] Attempt to get parsing info during refresh. "On-the-fly" syntax checking information may be incorrect. [D:\fpga\digital_twin\platform\digital_twin\digital_twin.srcs\sources_1\new\display_seg.v:]
WARNING: [filemgmt 56-199] Attempt to get parsing info during refresh. "On-the-fly" syntax checking information may be incorrect. [D:\fpga\digital_twin\platform\digital_twin\digital_twin.srcs\sources_1\new\twin_controller.sv:]
WARNING: [filemgmt 56-199] Attempt to get parsing info during refresh. "On-the-fly" syntax checking information may be incorrect. [D:\fpga\digital_twin\platform\digital_twin\digital_twin.srcs\sources_1\new\uart.sv:]
WARNING: [filemgmt 56-199] Attempt to get parsing info during refresh. "On-the-fly" syntax checking information may be incorrect. [D:\fpga\digital_twin\platform\digital_twin\digital_twin.srcs\sources_1\new\seg7.sv:]
WARNING: [filemgmt 56-199] Attempt to get parsing info during refresh. "On-the-fly" syntax checking information may be incorrect. [D:\fpga\digital_twin\platform\digital_twin\digital_twin.srcs\sim_1\new\tb_top.sv:]
WARNING: [filemgmt 56-199] Attempt to get parsing info during refresh. "On-the-fly" syntax checking information may be incorrect. [D:\fpga\digital_twin\platform\digital_twin\digital_twin.srcs\sources_1\new\top.sv:]
WARNING: [filemgmt 56-199] Attempt to get parsing info during refresh. "On-the-fly" syntax checking information may be incorrect. [D:\fpga\digital_twin\platform\digital_twin\digital_twin.srcs\sim_1\new\tb_uart.sv:]
WARNING: [filemgmt 56-199] Attempt to get parsing info during refresh. "On-the-fly" syntax checking information may be incorrect. [D:\fpga\digital_twin\platform\digital_twin\digital_twin.srcs\sources_1\new\display_seg.v:]
WARNING: [filemgmt 56-199] Attempt to get parsing info during refresh. "On-the-fly" syntax checking information may be incorrect. [D:\fpga\digital_twin\platform\digital_twin\digital_twin.srcs\sources_1\new\twin_controller.sv:]
WARNING: [filemgmt 56-199] Attempt to get parsing info during refresh. "On-the-fly" syntax checking information may be incorrect. [D:\fpga\digital_twin\platform\digital_twin\digital_twin.srcs\sources_1\new\uart.sv:]
WARNING: [filemgmt 56-199] Attempt to get parsing info during refresh. "On-the-fly" syntax checking information may be incorrect. [D:\fpga\digital_twin\platform\digital_twin\digital_twin.srcs\sources_1\new\seg7.sv:]
WARNING: [filemgmt 56-199] Attempt to get parsing info during refresh. "On-the-fly" syntax checking information may be incorrect. [D:\fpga\digital_twin\platform\digital_twin\digital_twin.srcs\sim_1\new\tb_top.sv:]
WARNING: [filemgmt 56-199] Attempt to get parsing info during refresh. "On-the-fly" syntax checking information may be incorrect. [D:\fpga\digital_twin\platform\digital_twin\digital_twin.srcs\sources_1\new\top.sv:]
WARNING: [filemgmt 56-199] Attempt to get parsing info during refresh. "On-the-fly" syntax checking information may be incorrect. [D:\fpga\digital_twin\platform\digital_twin\digital_twin.srcs\sim_1\new\tb_uart.sv:]
WARNING: [filemgmt 56-199] Attempt to get parsing info during refresh. "On-the-fly" syntax checking information may be incorrect. [D:\fpga\digital_twin\platform\digital_twin\digital_twin.srcs\sources_1\new\display_seg.v:]
WARNING: [filemgmt 56-199] Attempt to get parsing info during refresh. "On-the-fly" syntax checking information may be incorrect. [D:\fpga\digital_twin\platform\digital_twin\digital_twin.srcs\sources_1\new\twin_controller.sv:]
WARNING: [filemgmt 56-199] Attempt to get parsing info during refresh. "On-the-fly" syntax checking information may be incorrect. [D:\fpga\digital_twin\platform\digital_twin\digital_twin.srcs\sources_1\new\uart.sv:]
WARNING: [filemgmt 56-199] Attempt to get parsing info during refresh. "On-the-fly" syntax checking information may be incorrect. [D:\fpga\digital_twin\platform\digital_twin\digital_twin.srcs\sources_1\new\seg7.sv:]
WARNING: [filemgmt 56-199] Attempt to get parsing info during refresh. "On-the-fly" syntax checking information may be incorrect. [D:\fpga\digital_twin\platform\digital_twin\digital_twin.srcs\sim_1\new\tb_top.sv:]
WARNING: [filemgmt 56-199] Attempt to get parsing info during refresh. "On-the-fly" syntax checking information may be incorrect. [D:\fpga\digital_twin\platform\digital_twin\digital_twin.srcs\sources_1\new\top.sv:]
WARNING: [filemgmt 56-199] Attempt to get parsing info during refresh. "On-the-fly" syntax checking information may be incorrect. [D:\fpga\digital_twin\platform\digital_twin\digital_twin.srcs\sim_1\new\tb_uart.sv:]
WARNING: [filemgmt 56-199] Attempt to get parsing info during refresh. "On-the-fly" syntax checking information may be incorrect. [D:\fpga\digital_twin\platform\digital_twin\digital_twin.srcs\sources_1\new\display_seg.v:]
WARNING: [filemgmt 56-199] Attempt to get parsing info during refresh. "On-the-fly" syntax checking information may be incorrect. [D:\fpga\digital_twin\platform\digital_twin\digital_twin.srcs\sources_1\new\twin_controller.sv:]
WARNING: [filemgmt 56-199] Attempt to get parsing info during refresh. "On-the-fly" syntax checking information may be incorrect. [D:\fpga\digital_twin\platform\digital_twin\digital_twin.srcs\sources_1\new\uart.sv:]
WARNING: [filemgmt 56-199] Attempt to get parsing info during refresh. "On-the-fly" syntax checking information may be incorrect. [D:\fpga\digital_twin\platform\digital_twin\digital_twin.srcs\sources_1\new\seg7.sv:]
WARNING: [filemgmt 56-199] Attempt to get parsing info during refresh. "On-the-fly" syntax checking information may be incorrect. [D:\fpga\digital_twin\platform\digital_twin\digital_twin.srcs\sim_1\new\tb_top.sv:]
ERROR: [Common 17-180] Spawn failed: No error
WARNING: [filemgmt 56-199] Attempt to get parsing info during refresh. "On-the-fly" syntax checking information may be incorrect. [D:\fpga\digital_twin\platform\digital_twin\digital_twin.srcs\sources_1\new\top.sv:]
WARNING: [filemgmt 56-199] Attempt to get parsing info during refresh. "On-the-fly" syntax checking information may be incorrect. [D:\fpga\digital_twin\platform\digital_twin\digital_twin.srcs\sim_1\new\tb_uart.sv:]
WARNING: [filemgmt 56-199] Attempt to get parsing info during refresh. "On-the-fly" syntax checking information may be incorrect. [D:\fpga\digital_twin\platform\digital_twin\digital_twin.srcs\sources_1\new\display_seg.v:]
WARNING: [filemgmt 56-199] Attempt to get parsing info during refresh. "On-the-fly" syntax checking information may be incorrect. [D:\fpga\digital_twin\platform\digital_twin\digital_twin.srcs\sources_1\new\twin_controller.sv:]
WARNING: [filemgmt 56-199] Attempt to get parsing info during refresh. "On-the-fly" syntax checking information may be incorrect. [D:\fpga\digital_twin\platform\digital_twin\digital_twin.srcs\sources_1\new\uart.sv:]
WARNING: [filemgmt 56-199] Attempt to get parsing info during refresh. "On-the-fly" syntax checking information may be incorrect. [D:\fpga\digital_twin\platform\digital_twin\digital_twin.srcs\sources_1\new\seg7.sv:]
WARNING: [filemgmt 56-199] Attempt to get parsing info during refresh. "On-the-fly" syntax checking information may be incorrect. [D:\fpga\digital_twin\platform\digital_twin\digital_twin.srcs\sim_1\new\tb_top.sv:]
WARNING: [filemgmt 56-199] Attempt to get parsing info during refresh. "On-the-fly" syntax checking information may be incorrect. [D:\fpga\digital_twin\platform\digital_twin\digital_twin.srcs\sources_1\new\top.sv:]
WARNING: [filemgmt 56-199] Attempt to get parsing info during refresh. "On-the-fly" syntax checking information may be incorrect. [D:\fpga\digital_twin\platform\digital_twin\digital_twin.srcs\sim_1\new\tb_uart.sv:]
WARNING: [filemgmt 56-199] Attempt to get parsing info during refresh. "On-the-fly" syntax checking information may be incorrect. [D:\fpga\digital_twin\platform\digital_twin\digital_twin.srcs\sources_1\new\display_seg.v:]
WARNING: [filemgmt 56-199] Attempt to get parsing info during refresh. "On-the-fly" syntax checking information may be incorrect. [D:\fpga\digital_twin\platform\digital_twin\digital_twin.srcs\sources_1\new\twin_controller.sv:]
WARNING: [filemgmt 56-199] Attempt to get parsing info during refresh. "On-the-fly" syntax checking information may be incorrect. [D:\fpga\digital_twin\platform\digital_twin\digital_twin.srcs\sources_1\new\uart.sv:]
WARNING: [filemgmt 56-199] Attempt to get parsing info during refresh. "On-the-fly" syntax checking information may be incorrect. [D:\fpga\digital_twin\platform\digital_twin\digital_twin.srcs\sources_1\new\seg7.sv:]
WARNING: [filemgmt 56-199] Attempt to get parsing info during refresh. "On-the-fly" syntax checking information may be incorrect. [D:\fpga\digital_twin\platform\digital_twin\digital_twin.srcs\sim_1\new\tb_top.sv:]
WARNING: [filemgmt 56-199] Attempt to get parsing info during refresh. "On-the-fly" syntax checking information may be incorrect. [D:\fpga\digital_twin\platform\digital_twin\digital_twin.srcs\sources_1\new\top.sv:]
WARNING: [filemgmt 56-199] Attempt to get parsing info during refresh. "On-the-fly" syntax checking information may be incorrect. [D:\fpga\digital_twin\platform\digital_twin\digital_twin.srcs\sim_1\new\tb_uart.sv:]
WARNING: [filemgmt 56-199] Attempt to get parsing info during refresh. "On-the-fly" syntax checking information may be incorrect. [D:\fpga\digital_twin\platform\digital_twin\digital_twin.srcs\sources_1\new\display_seg.v:]
WARNING: [filemgmt 56-199] Attempt to get parsing info during refresh. "On-the-fly" syntax checking information may be incorrect. [D:\fpga\digital_twin\platform\digital_twin\digital_twin.srcs\sources_1\new\twin_controller.sv:]
WARNING: [filemgmt 56-199] Attempt to get parsing info during refresh. "On-the-fly" syntax checking information may be incorrect. [D:\fpga\digital_twin\platform\digital_twin\digital_twin.srcs\sources_1\new\uart.sv:]
WARNING: [filemgmt 56-199] Attempt to get parsing info during refresh. "On-the-fly" syntax checking information may be incorrect. [D:\fpga\digital_twin\platform\digital_twin\digital_twin.srcs\sources_1\new\seg7.sv:]
WARNING: [filemgmt 56-199] Attempt to get parsing info during refresh. "On-the-fly" syntax checking information may be incorrect. [D:\fpga\digital_twin\platform\digital_twin\digital_twin.srcs\sim_1\new\tb_top.sv:]
WARNING: [filemgmt 56-199] Attempt to get parsing info during refresh. "On-the-fly" syntax checking information may be incorrect. [D:\fpga\digital_twin\platform\digital_twin\digital_twin.srcs\sources_1\new\top.sv:]
WARNING: [filemgmt 56-199] Attempt to get parsing info during refresh. "On-the-fly" syntax checking information may be incorrect. [D:\fpga\digital_twin\platform\digital_twin\digital_twin.srcs\sim_1\new\tb_uart.sv:]
WARNING: [filemgmt 56-199] Attempt to get parsing info during refresh. "On-the-fly" syntax checking information may be incorrect. [D:\fpga\digital_twin\platform\digital_twin\digital_twin.srcs\sources_1\new\display_seg.v:]
WARNING: [filemgmt 56-199] Attempt to get parsing info during refresh. "On-the-fly" syntax checking information may be incorrect. [D:\fpga\digital_twin\platform\digital_twin\digital_twin.srcs\sources_1\new\twin_controller.sv:]
WARNING: [filemgmt 56-199] Attempt to get parsing info during refresh. "On-the-fly" syntax checking information may be incorrect. [D:\fpga\digital_twin\platform\digital_twin\digital_twin.srcs\sources_1\new\uart.sv:]
WARNING: [filemgmt 56-199] Attempt to get parsing info during refresh. "On-the-fly" syntax checking information may be incorrect. [D:\fpga\digital_twin\platform\digital_twin\digital_twin.srcs\sources_1\new\seg7.sv:]
WARNING: [filemgmt 56-199] Attempt to get parsing info during refresh. "On-the-fly" syntax checking information may be incorrect. [D:\fpga\digital_twin\platform\digital_twin\digital_twin.srcs\sim_1\new\tb_top.sv:]
reset_run synth_1
INFO: [Project 1-1161] Replacing file D:/fpga/digital_twin/platform/digital_twin/digital_twin.srcs/utils_1/imports/synth_1/top.dcp with file D:/fpga/digital_twin/platform/digital_twin/digital_twin.runs/synth_1/top.dcp
launch_runs impl_1 -to_step write_bitstream -jobs 8
INFO: [Vivado 12-4149] The synthesis checkpoint for IP 'D:/fpga/digital_twin/platform/digital_twin/digital_twin.srcs/sources_1/ip/pll_1/pll.xci' is already up-to-date
[Fri Apr 18 16:36:02 2025] Launched synth_1...
Run output will be captured here: D:/fpga/digital_twin/platform/digital_twin/digital_twin.runs/synth_1/runme.log
[Fri Apr 18 16:36:02 2025] Launched impl_1...
Run output will be captured here: D:/fpga/digital_twin/platform/digital_twin/digital_twin.runs/impl_1/runme.log
WARNING: [filemgmt 56-199] Attempt to get parsing info during refresh. "On-the-fly" syntax checking information may be incorrect. [D:\fpga\digital_twin\platform\digital_twin\digital_twin.srcs\sources_1\new\top.sv:]
WARNING: [filemgmt 56-199] Attempt to get parsing info during refresh. "On-the-fly" syntax checking information may be incorrect. [D:\fpga\digital_twin\platform\digital_twin\digital_twin.srcs\sim_1\new\tb_uart.sv:]
WARNING: [filemgmt 56-199] Attempt to get parsing info during refresh. "On-the-fly" syntax checking information may be incorrect. [D:\fpga\digital_twin\platform\digital_twin\digital_twin.srcs\sources_1\new\display_seg.v:]
WARNING: [filemgmt 56-199] Attempt to get parsing info during refresh. "On-the-fly" syntax checking information may be incorrect. [D:\fpga\digital_twin\platform\digital_twin\digital_twin.srcs\sources_1\new\student_top.sv:]
WARNING: [filemgmt 56-199] Attempt to get parsing info during refresh. "On-the-fly" syntax checking information may be incorrect. [D:\fpga\digital_twin\platform\digital_twin\digital_twin.srcs\sources_1\new\twin_controller.sv:]
WARNING: [filemgmt 56-199] Attempt to get parsing info during refresh. "On-the-fly" syntax checking information may be incorrect. [D:\fpga\digital_twin\platform\digital_twin\digital_twin.srcs\sources_1\new\uart.sv:]
WARNING: [filemgmt 56-199] Attempt to get parsing info during refresh. "On-the-fly" syntax checking information may be incorrect. [D:\fpga\digital_twin\platform\digital_twin\digital_twin.srcs\sources_1\new\seg7.sv:]
WARNING: [filemgmt 56-199] Attempt to get parsing info during refresh. "On-the-fly" syntax checking information may be incorrect. [D:\fpga\digital_twin\platform\digital_twin\digital_twin.srcs\sim_1\new\tb_top.sv:]
WARNING: [filemgmt 56-199] Attempt to get parsing info during refresh. "On-the-fly" syntax checking information may be incorrect. [D:\fpga\digital_twin\platform\digital_twin\digital_twin.srcs\sources_1\new\top.sv:]
WARNING: [filemgmt 56-199] Attempt to get parsing info during refresh. "On-the-fly" syntax checking information may be incorrect. [D:\fpga\digital_twin\platform\digital_twin\digital_twin.srcs\sim_1\new\tb_uart.sv:]
WARNING: [filemgmt 56-199] Attempt to get parsing info during refresh. "On-the-fly" syntax checking information may be incorrect. [D:\fpga\digital_twin\platform\digital_twin\digital_twin.srcs\sources_1\new\display_seg.v:]
WARNING: [filemgmt 56-199] Attempt to get parsing info during refresh. "On-the-fly" syntax checking information may be incorrect. [D:\fpga\digital_twin\platform\digital_twin\digital_twin.srcs\sources_1\new\student_top.sv:]
WARNING: [filemgmt 56-199] Attempt to get parsing info during refresh. "On-the-fly" syntax checking information may be incorrect. [D:\fpga\digital_twin\platform\digital_twin\digital_twin.srcs\sources_1\new\twin_controller.sv:]
WARNING: [filemgmt 56-199] Attempt to get parsing info during refresh. "On-the-fly" syntax checking information may be incorrect. [D:\fpga\digital_twin\platform\digital_twin\digital_twin.srcs\sources_1\new\uart.sv:]
WARNING: [filemgmt 56-199] Attempt to get parsing info during refresh. "On-the-fly" syntax checking information may be incorrect. [D:\fpga\digital_twin\platform\digital_twin\digital_twin.srcs\sources_1\new\seg7.sv:]
WARNING: [filemgmt 56-199] Attempt to get parsing info during refresh. "On-the-fly" syntax checking information may be incorrect. [D:\fpga\digital_twin\platform\digital_twin\digital_twin.srcs\sim_1\new\tb_top.sv:]
WARNING: [filemgmt 56-199] Attempt to get parsing info during refresh. "On-the-fly" syntax checking information may be incorrect. [D:\fpga\digital_twin\platform\digital_twin\digital_twin.srcs\sources_1\new\top.sv:]
WARNING: [filemgmt 56-199] Attempt to get parsing info during refresh. "On-the-fly" syntax checking information may be incorrect. [D:\fpga\digital_twin\platform\digital_twin\digital_twin.srcs\sim_1\new\tb_uart.sv:]
WARNING: [filemgmt 56-199] Attempt to get parsing info during refresh. "On-the-fly" syntax checking information may be incorrect. [D:\fpga\digital_twin\platform\digital_twin\digital_twin.srcs\sources_1\new\display_seg.v:]
WARNING: [filemgmt 56-199] Attempt to get parsing info during refresh. "On-the-fly" syntax checking information may be incorrect. [D:\fpga\digital_twin\platform\digital_twin\digital_twin.srcs\sources_1\new\student_top.sv:]
WARNING: [filemgmt 56-199] Attempt to get parsing info during refresh. "On-the-fly" syntax checking information may be incorrect. [D:\fpga\digital_twin\platform\digital_twin\digital_twin.srcs\sources_1\new\twin_controller.sv:]
WARNING: [filemgmt 56-199] Attempt to get parsing info during refresh. "On-the-fly" syntax checking information may be incorrect. [D:\fpga\digital_twin\platform\digital_twin\digital_twin.srcs\sources_1\new\uart.sv:]
WARNING: [filemgmt 56-199] Attempt to get parsing info during refresh. "On-the-fly" syntax checking information may be incorrect. [D:\fpga\digital_twin\platform\digital_twin\digital_twin.srcs\sources_1\new\seg7.sv:]
WARNING: [filemgmt 56-199] Attempt to get parsing info during refresh. "On-the-fly" syntax checking information may be incorrect. [D:\fpga\digital_twin\platform\digital_twin\digital_twin.srcs\sim_1\new\tb_top.sv:]
WARNING: [filemgmt 56-199] Attempt to get parsing info during refresh. "On-the-fly" syntax checking information may be incorrect. [D:\fpga\digital_twin\platform\digital_twin\digital_twin.srcs\sources_1\new\top.sv:]
WARNING: [filemgmt 56-199] Attempt to get parsing info during refresh. "On-the-fly" syntax checking information may be incorrect. [D:\fpga\digital_twin\platform\digital_twin\digital_twin.srcs\sim_1\new\tb_uart.sv:]
WARNING: [filemgmt 56-199] Attempt to get parsing info during refresh. "On-the-fly" syntax checking information may be incorrect. [D:\fpga\digital_twin\platform\digital_twin\digital_twin.srcs\sources_1\new\display_seg.v:]
WARNING: [filemgmt 56-199] Attempt to get parsing info during refresh. "On-the-fly" syntax checking information may be incorrect. [D:\fpga\digital_twin\platform\digital_twin\digital_twin.srcs\sources_1\new\student_top.sv:]
WARNING: [filemgmt 56-199] Attempt to get parsing info during refresh. "On-the-fly" syntax checking information may be incorrect. [D:\fpga\digital_twin\platform\digital_twin\digital_twin.srcs\sources_1\new\twin_controller.sv:]
WARNING: [filemgmt 56-199] Attempt to get parsing info during refresh. "On-the-fly" syntax checking information may be incorrect. [D:\fpga\digital_twin\platform\digital_twin\digital_twin.srcs\sources_1\new\uart.sv:]
WARNING: [filemgmt 56-199] Attempt to get parsing info during refresh. "On-the-fly" syntax checking information may be incorrect. [D:\fpga\digital_twin\platform\digital_twin\digital_twin.srcs\sources_1\new\seg7.sv:]
WARNING: [filemgmt 56-199] Attempt to get parsing info during refresh. "On-the-fly" syntax checking information may be incorrect. [D:\fpga\digital_twin\platform\digital_twin\digital_twin.srcs\sim_1\new\tb_top.sv:]
ERROR: [Common 17-180] Spawn failed: No error
WARNING: [filemgmt 56-199] Attempt to get parsing info during refresh. "On-the-fly" syntax checking information may be incorrect. [D:\fpga\digital_twin\platform\digital_twin\digital_twin.srcs\sources_1\new\top.sv:]
WARNING: [filemgmt 56-199] Attempt to get parsing info during refresh. "On-the-fly" syntax checking information may be incorrect. [D:\fpga\digital_twin\platform\digital_twin\digital_twin.srcs\sim_1\new\tb_uart.sv:]
WARNING: [filemgmt 56-199] Attempt to get parsing info during refresh. "On-the-fly" syntax checking information may be incorrect. [D:\fpga\digital_twin\platform\digital_twin\digital_twin.srcs\sources_1\new\display_seg.v:]
WARNING: [filemgmt 56-199] Attempt to get parsing info during refresh. "On-the-fly" syntax checking information may be incorrect. [D:\fpga\digital_twin\platform\digital_twin\digital_twin.srcs\sources_1\new\student_top.sv:]
WARNING: [filemgmt 56-199] Attempt to get parsing info during refresh. "On-the-fly" syntax checking information may be incorrect. [D:\fpga\digital_twin\platform\digital_twin\digital_twin.srcs\sources_1\new\twin_controller.sv:]
WARNING: [filemgmt 56-199] Attempt to get parsing info during refresh. "On-the-fly" syntax checking information may be incorrect. [D:\fpga\digital_twin\platform\digital_twin\digital_twin.srcs\sources_1\new\uart.sv:]
WARNING: [filemgmt 56-199] Attempt to get parsing info during refresh. "On-the-fly" syntax checking information may be incorrect. [D:\fpga\digital_twin\platform\digital_twin\digital_twin.srcs\sources_1\new\seg7.sv:]
WARNING: [filemgmt 56-199] Attempt to get parsing info during refresh. "On-the-fly" syntax checking information may be incorrect. [D:\fpga\digital_twin\platform\digital_twin\digital_twin.srcs\sim_1\new\tb_top.sv:]
ERROR: [Common 17-180] Spawn failed: No error
WARNING: [filemgmt 56-199] Attempt to get parsing info during refresh. "On-the-fly" syntax checking information may be incorrect. [D:\fpga\digital_twin\platform\digital_twin\digital_twin.srcs\sources_1\new\top.sv:]
WARNING: [filemgmt 56-199] Attempt to get parsing info during refresh. "On-the-fly" syntax checking information may be incorrect. [D:\fpga\digital_twin\platform\digital_twin\digital_twin.srcs\sim_1\new\tb_uart.sv:]
WARNING: [filemgmt 56-199] Attempt to get parsing info during refresh. "On-the-fly" syntax checking information may be incorrect. [D:\fpga\digital_twin\platform\digital_twin\digital_twin.srcs\sources_1\new\display_seg.v:]
WARNING: [filemgmt 56-199] Attempt to get parsing info during refresh. "On-the-fly" syntax checking information may be incorrect. [D:\fpga\digital_twin\platform\digital_twin\digital_twin.srcs\sources_1\new\student_top.sv:]
WARNING: [filemgmt 56-199] Attempt to get parsing info during refresh. "On-the-fly" syntax checking information may be incorrect. [D:\fpga\digital_twin\platform\digital_twin\digital_twin.srcs\sources_1\new\twin_controller.sv:]
WARNING: [filemgmt 56-199] Attempt to get parsing info during refresh. "On-the-fly" syntax checking information may be incorrect. [D:\fpga\digital_twin\platform\digital_twin\digital_twin.srcs\sources_1\new\uart.sv:]
WARNING: [filemgmt 56-199] Attempt to get parsing info during refresh. "On-the-fly" syntax checking information may be incorrect. [D:\fpga\digital_twin\platform\digital_twin\digital_twin.srcs\sources_1\new\seg7.sv:]
WARNING: [filemgmt 56-199] Attempt to get parsing info during refresh. "On-the-fly" syntax checking information may be incorrect. [D:\fpga\digital_twin\platform\digital_twin\digital_twin.srcs\sim_1\new\tb_top.sv:]
ERROR: [Common 17-180] Spawn failed: No error
WARNING: [filemgmt 56-199] Attempt to get parsing info during refresh. "On-the-fly" syntax checking information may be incorrect. [D:\fpga\digital_twin\platform\digital_twin\digital_twin.srcs\sources_1\new\top.sv:]
WARNING: [filemgmt 56-199] Attempt to get parsing info during refresh. "On-the-fly" syntax checking information may be incorrect. [D:\fpga\digital_twin\platform\digital_twin\digital_twin.srcs\sim_1\new\tb_uart.sv:]
WARNING: [filemgmt 56-199] Attempt to get parsing info during refresh. "On-the-fly" syntax checking information may be incorrect. [D:\fpga\digital_twin\platform\digital_twin\digital_twin.srcs\sources_1\new\display_seg.v:]
WARNING: [filemgmt 56-199] Attempt to get parsing info during refresh. "On-the-fly" syntax checking information may be incorrect. [D:\fpga\digital_twin\platform\digital_twin\digital_twin.srcs\sources_1\new\student_top.sv:]
WARNING: [filemgmt 56-199] Attempt to get parsing info during refresh. "On-the-fly" syntax checking information may be incorrect. [D:\fpga\digital_twin\platform\digital_twin\digital_twin.srcs\sources_1\new\twin_controller.sv:]
WARNING: [filemgmt 56-199] Attempt to get parsing info during refresh. "On-the-fly" syntax checking information may be incorrect. [D:\fpga\digital_twin\platform\digital_twin\digital_twin.srcs\sources_1\new\uart.sv:]
WARNING: [filemgmt 56-199] Attempt to get parsing info during refresh. "On-the-fly" syntax checking information may be incorrect. [D:\fpga\digital_twin\platform\digital_twin\digital_twin.srcs\sources_1\new\seg7.sv:]
WARNING: [filemgmt 56-199] Attempt to get parsing info during refresh. "On-the-fly" syntax checking information may be incorrect. [D:\fpga\digital_twin\platform\digital_twin\digital_twin.srcs\sim_1\new\tb_top.sv:]
ERROR: [Common 17-180] Spawn failed: No error
exit
INFO: [Common 17-206] Exiting Vivado at Fri Apr 18 16:41:22 2025...
