#-----------------------------------------------------------
# Vivado v2024.2 (64-bit)
# SW Build 5239630 on Fri Nov 08 22:35:27 MST 2024
# IP Build 5239520 on Sun Nov 10 16:12:51 MST 2024
# SharedData Build 5239561 on Fri Nov 08 14:39:27 MST 2024
# Start of session at: Wed Apr  1 15:46:14 2026
# Process ID         : 13144
# Current directory  : C:/Users/ZY/Desktop/riscv-cpu-jyd/digital_twin
# Command line       : vivado.exe -gui_launcher_event rodinguilauncherevent15708 C:\Users\ZY\Desktop\riscv-cpu-jyd\digital_twin\digital_twin.xpr
# Log file           : C:/Users/ZY/Desktop/riscv-cpu-jyd/digital_twin/vivado.log
# Journal file       : C:/Users/ZY/Desktop/riscv-cpu-jyd/digital_twin\vivado.jou
# Running On         : ZY
# Platform           : Windows Server 2016 or Windows 10
# Operating System   : 22631
# Processor Detail   : AMD Ryzen 7 6800HS Creator Edition
# CPU Frequency      : 3194 MHz
# CPU Physical cores : 8
# CPU Logical cores  : 16
# Host memory        : 14702 MB
# Swap memory        : 4831 MB
# Total Virtual      : 19533 MB
# Available Virtual  : 9486 MB
#-----------------------------------------------------------
start_gui
open_project C:/Users/ZY/Desktop/riscv-cpu-jyd/digital_twin/digital_twin.xpr
INFO: [Project 1-313] Project file moved from 'C:/Users/KTD/Desktop/digital_twin' since last save.
Scanning sources...
Finished scanning sources
INFO: [IP_Flow 19-234] Refreshing IP repositories
INFO: [IP_Flow 19-1704] No user IP repositories specified
INFO: [IP_Flow 19-2313] Loaded Vivado IP repository 'F:/Xilinx/Vivado/2024.2/data/ip'.
WARNING: [IP_Flow 19-2162] IP 'pll' is locked:
* IP definition 'Clocking Wizard (6.0)' for IP 'pll' (customized with software release 2023.2) has a different revision in the IP Catalog.
INFO: [Project 1-230] Project 'digital_twin.xpr' upgraded for this version of Vivado.
update_compile_order -fileset sources_1
report_ip_status -name ip_status 
upgrade_ip -vlnv xilinx.com:ip:clk_wiz:6.0 [get_ips  pll] -log ip_upgrade.log
Upgrading 'pll'
INFO: [Device 21-403] Loading part xc7k325tffg900-2
INFO: [IP_Flow 19-3422] Upgraded pll (Clocking Wizard 6.0) from revision 13 to revision 15
INFO: [IP_Flow 19-1686] Generating 'Instantiation Template' target for IP 'pll'...
INFO: [Coretcl 2-1525] Wrote upgrade log to 'C:/Users/ZY/Desktop/riscv-cpu-jyd/digital_twin/ip_upgrade.log'.
upgrade_ip: Time (s): cpu = 00:00:04 ; elapsed = 00:00:18 . Memory (MB): peak = 1529.039 ; gain = 261.758
export_ip_user_files -of_objects [get_ips pll] -no_script -sync -force -quiet
generate_target all [get_files  C:/Users/ZY/Desktop/riscv-cpu-jyd/digital_twin/digital_twin.srcs/sources_1/ip/pll_1/pll.xci]
INFO: [IP_Flow 19-1686] Generating 'Synthesis' target for IP 'pll'...
INFO: [IP_Flow 19-1686] Generating 'Simulation' target for IP 'pll'...
INFO: [IP_Flow 19-1686] Generating 'Implementation' target for IP 'pll'...
INFO: [IP_Flow 19-1686] Generating 'Change Log' target for IP 'pll'...
catch { config_ip_cache -export [get_ips -all pll] }
INFO: [IP_Flow 19-6924] IPCACHE: Running cache check for IP inst: pll
export_ip_user_files -of_objects [get_files C:/Users/ZY/Desktop/riscv-cpu-jyd/digital_twin/digital_twin.srcs/sources_1/ip/pll_1/pll.xci] -no_script -sync -force -quiet
create_ip_run [get_files -of_objects [get_fileset sources_1] C:/Users/ZY/Desktop/riscv-cpu-jyd/digital_twin/digital_twin.srcs/sources_1/ip/pll_1/pll.xci]
launch_runs pll_synth_1 -jobs 8
INFO: [IP_Flow 19-6924] IPCACHE: Running cache check for IP inst: pll
[Wed Apr  1 16:03:55 2026] Launched pll_synth_1...
Run output will be captured here: C:/Users/ZY/Desktop/riscv-cpu-jyd/digital_twin/digital_twin.runs/pll_synth_1/runme.log
export_simulation -lib_map_path [list {modelsim=C:/Users/ZY/Desktop/riscv-cpu-jyd/digital_twin/digital_twin.cache/compile_simlib/modelsim} {questa=C:/Users/ZY/Desktop/riscv-cpu-jyd/digital_twin/digital_twin.cache/compile_simlib/questa} {riviera=C:/Users/ZY/Desktop/riscv-cpu-jyd/digital_twin/digital_twin.cache/compile_simlib/riviera} {activehdl=C:/Users/ZY/Desktop/riscv-cpu-jyd/digital_twin/digital_twin.cache/compile_simlib/activehdl}] -of_objects [get_files C:/Users/ZY/Desktop/riscv-cpu-jyd/digital_twin/digital_twin.srcs/sources_1/ip/pll_1/pll.xci] -directory C:/Users/ZY/Desktop/riscv-cpu-jyd/digital_twin/digital_twin.ip_user_files/sim_scripts -ip_user_files_dir C:/Users/ZY/Desktop/riscv-cpu-jyd/digital_twin/digital_twin.ip_user_files -ipstatic_source_dir C:/Users/ZY/Desktop/riscv-cpu-jyd/digital_twin/digital_twin.ip_user_files/ipstatic -use_ip_compiled_libs -force -quiet
set_property -dict [list \
  CONFIG.CLKOUT1_JITTER {157.199} \
  CONFIG.CLKOUT1_PHASE_ERROR {105.461} \
  CONFIG.CLKOUT2_JITTER {126.399} \
  CONFIG.CLKOUT2_PHASE_ERROR {105.461} \
  CONFIG.CLKOUT2_REQUESTED_OUT_FREQ {150.000} \
  CONFIG.CLKOUT2_USED {true} \
  CONFIG.MMCM_CLKFBOUT_MULT_F {9} \
  CONFIG.MMCM_CLKOUT0_DIVIDE_F {18} \
  CONFIG.MMCM_CLKOUT1_DIVIDE {6} \
  CONFIG.MMCM_DIVCLK_DIVIDE {2} \
  CONFIG.NUM_OUT_CLKS {2} \
] [get_ips pll]
generate_target all [get_files  C:/Users/ZY/Desktop/riscv-cpu-jyd/digital_twin/digital_twin.srcs/sources_1/ip/pll_1/pll.xci]
INFO: [IP_Flow 19-1686] Generating 'Instantiation Template' target for IP 'pll'...
INFO: [IP_Flow 19-1686] Generating 'Synthesis' target for IP 'pll'...
INFO: [IP_Flow 19-1686] Generating 'Simulation' target for IP 'pll'...
INFO: [IP_Flow 19-1686] Generating 'Implementation' target for IP 'pll'...
INFO: [IP_Flow 19-1686] Generating 'Change Log' target for IP 'pll'...
catch { config_ip_cache -export [get_ips -all pll] }
INFO: [IP_Flow 19-6924] IPCACHE: Running cache check for IP inst: pll
export_ip_user_files -of_objects [get_files C:/Users/ZY/Desktop/riscv-cpu-jyd/digital_twin/digital_twin.srcs/sources_1/ip/pll_1/pll.xci] -no_script -sync -force -quiet
reset_run pll_synth_1
launch_runs pll_synth_1 -jobs 8
INFO: [IP_Flow 19-6924] IPCACHE: Running cache check for IP inst: pll
[Wed Apr  1 16:08:50 2026] Launched pll_synth_1...
Run output will be captured here: C:/Users/ZY/Desktop/riscv-cpu-jyd/digital_twin/digital_twin.runs/pll_synth_1/runme.log
export_simulation -lib_map_path [list {modelsim=C:/Users/ZY/Desktop/riscv-cpu-jyd/digital_twin/digital_twin.cache/compile_simlib/modelsim} {questa=C:/Users/ZY/Desktop/riscv-cpu-jyd/digital_twin/digital_twin.cache/compile_simlib/questa} {riviera=C:/Users/ZY/Desktop/riscv-cpu-jyd/digital_twin/digital_twin.cache/compile_simlib/riviera} {activehdl=C:/Users/ZY/Desktop/riscv-cpu-jyd/digital_twin/digital_twin.cache/compile_simlib/activehdl}] -of_objects [get_files C:/Users/ZY/Desktop/riscv-cpu-jyd/digital_twin/digital_twin.srcs/sources_1/ip/pll_1/pll.xci] -directory C:/Users/ZY/Desktop/riscv-cpu-jyd/digital_twin/digital_twin.ip_user_files/sim_scripts -ip_user_files_dir C:/Users/ZY/Desktop/riscv-cpu-jyd/digital_twin/digital_twin.ip_user_files -ipstatic_source_dir C:/Users/ZY/Desktop/riscv-cpu-jyd/digital_twin/digital_twin.ip_user_files/ipstatic -use_ip_compiled_libs -force -quiet
exit
INFO: [Common 17-206] Exiting Vivado at Wed Apr  1 16:30:58 2026...
