INFO: [VRFC 10-2263] Analyzing Verilog file "C:/Users/ZY/Desktop/riscv-cpu-jyd/digital_twin/digital_twin.gen/sources_1/ip/blk_mem_gen_0/sim/blk_mem_gen_0.v" into library xil_defaultlib
INFO: [VRFC 10-311] analyzing module blk_mem_gen_0
INFO: [VRFC 10-2263] Analyzing Verilog file "C:/Users/ZY/Desktop/riscv-cpu-jyd/digital_twin/digital_twin.gen/sources_1/ip/blk_mem_gen_1/sim/blk_mem_gen_1.v" into library xil_defaultlib
INFO: [VRFC 10-311] analyzing module blk_mem_gen_1
INFO: [VRFC 10-2263] Analyzing Verilog file "C:/Users/ZY/Desktop/riscv-cpu-jyd/digital_twin/digital_twin.gen/sources_1/ip/pll_1/pll_clk_wiz.v" into library xil_defaultlib
INFO: [VRFC 10-311] analyzing module pll_clk_wiz
INFO: [VRFC 10-2263] Analyzing Verilog file "C:/Users/ZY/Desktop/riscv-cpu-jyd/digital_twin/digital_twin.gen/sources_1/ip/pll_1/pll.v" into library xil_defaultlib
INFO: [VRFC 10-311] analyzing module pll
INFO: [VRFC 10-2263] Analyzing Verilog file "C:/Users/ZY/Desktop/riscv-cpu-jyd/劤쉔匡숭셸/IO.v" into library xil_defaultlib
INFO: [VRFC 10-311] analyzing module IO
INFO: [VRFC 10-2263] Analyzing Verilog file "C:/Users/ZY/Desktop/riscv-cpu-jyd/劤쉔匡숭셸/bridge.v" into library xil_defaultlib
INFO: [VRFC 10-311] analyzing module bridge
INFO: [VRFC 10-2263] Analyzing Verilog file "C:/Users/ZY/Desktop/riscv-cpu-jyd/劤쉔匡숭셸/cpu_top.v" into library xil_defaultlib
INFO: [VRFC 10-311] analyzing module cpu_top
INFO: [VRFC 10-2263] Analyzing Verilog file "C:/Users/ZY/Desktop/riscv-cpu-jyd/劤쉔匡숭셸/exe_stage.v" into library xil_defaultlib
INFO: [VRFC 10-311] analyzing module exe_stage
INFO: [VRFC 10-2263] Analyzing Verilog file "C:/Users/ZY/Desktop/riscv-cpu-jyd/劤쉔匡숭셸/id_stage.v" into library xil_defaultlib
INFO: [VRFC 10-311] analyzing module id_stage
INFO: [VRFC 10-2263] Analyzing Verilog file "C:/Users/ZY/Desktop/riscv-cpu-jyd/劤쉔匡숭셸/if_stage.v" into library xil_defaultlib
INFO: [VRFC 10-311] analyzing module if_stage
INFO: [VRFC 10-2263] Analyzing Verilog file "C:/Users/ZY/Desktop/riscv-cpu-jyd/劤쉔匡숭셸/mem_stage.v" into library xil_defaultlib
INFO: [VRFC 10-311] analyzing module mem_stage
INFO: [VRFC 10-2263] Analyzing Verilog file "C:/Users/ZY/Desktop/riscv-cpu-jyd/劤쉔匡숭셸/my_cpu.v" into library xil_defaultlib
INFO: [VRFC 10-311] analyzing module my_cpu
INFO: [VRFC 10-2263] Analyzing Verilog file "C:/Users/ZY/Desktop/riscv-cpu-jyd/劤쉔匡숭셸/regfiles.v" into library xil_defaultlib
INFO: [VRFC 10-311] analyzing module regfiles
INFO: [VRFC 10-2263] Analyzing Verilog file "C:/Users/ZY/Desktop/riscv-cpu-jyd/劤쉔匡숭셸/regfiles_csr.v" into library xil_defaultlib
INFO: [VRFC 10-311] analyzing module regfiles_csr
INFO: [VRFC 10-2263] Analyzing Verilog file "C:/Users/ZY/Desktop/riscv-cpu-jyd/劤쉔匡숭셸/wb_stage.v" into library xil_defaultlib
INFO: [VRFC 10-311] analyzing module wb_stage
